Copyright 1986-2022 Xilinx, Inc. All Rights Reserved. Copyright 2022-2023 Advanced Micro Devices, Inc. All Rights Reserved.
---------------------------------------------------------------------------------------------------------------------------------------------
| Tool Version : Vivado v.2023.2 (win64) Build 4029153 Fri Oct 13 20:14:34 MDT 2023
| Date         : Mon Dec 16 12:57:35 2024
| Host         : COMSYS01 running 64-bit major release  (build 9200)
| Command      : report_control_sets -verbose -file zynq_axi_segment_wrapper_control_sets_placed.rpt
| Design       : zynq_axi_segment_wrapper
| Device       : xc7z007s
---------------------------------------------------------------------------------------------------------------------------------------------

Control Set Information

Table of Contents
-----------------
1. Summary
2. Histogram
3. Flip-Flop Distribution
4. Detailed Control Set Information

1. Summary
----------

+----------------------------------------------------------+-------+
|                          Status                          | Count |
+----------------------------------------------------------+-------+
| Total control sets                                       |    49 |
|    Minimum number of control sets                        |    49 |
|    Addition due to synthesis replication                 |     0 |
|    Addition due to physical synthesis replication        |     0 |
| Unused register locations in slices containing registers |   191 |
+----------------------------------------------------------+-------+
* Control sets can be merged at opt_design using control_set_merge or merge_equivalent_drivers
** Run report_qor_suggestions for automated merging and remapping suggestions


2. Histogram
------------

+--------------------+-------+
|       Fanout       | Count |
+--------------------+-------+
| Total control sets |    49 |
| >= 0 to < 4        |    17 |
| >= 4 to < 6        |     4 |
| >= 6 to < 8        |     2 |
| >= 8 to < 10       |     7 |
| >= 10 to < 12      |     0 |
| >= 12 to < 14      |     4 |
| >= 14 to < 16      |     0 |
| >= 16              |    15 |
+--------------------+-------+
* Control sets can be remapped at either synth_design or opt_design


3. Flip-Flop Distribution
-------------------------

+--------------+-----------------------+------------------------+-----------------+--------------+
| Clock Enable | Synchronous Set/Reset | Asynchronous Set/Reset | Total Registers | Total Slices |
+--------------+-----------------------+------------------------+-----------------+--------------+
| No           | No                    | No                     |             128 |           38 |
| No           | No                    | Yes                    |              27 |            9 |
| No           | Yes                   | No                     |              88 |           37 |
| Yes          | No                    | No                     |             172 |           40 |
| Yes          | No                    | Yes                    |               0 |            0 |
| Yes          | Yes                   | No                     |             258 |           69 |
+--------------+-----------------------+------------------------+-----------------+--------------+


4. Detailed Control Set Information
-----------------------------------

+---------------------------------------------------------+---------------------------------------------------------------------------------------------------------------------------------------------------------------------------+------------------------------------------------------------------------------------------------------------------------------+------------------+----------------+--------------+
|                       Clock Signal                      |                                                                               Enable Signal                                                                               |                                                       Set/Reset Signal                                                       | Slice Load Count | Bel Load Count | Bels / Slice |
+---------------------------------------------------------+---------------------------------------------------------------------------------------------------------------------------------------------------------------------------+------------------------------------------------------------------------------------------------------------------------------+------------------+----------------+--------------+
|  zynq_axi_segment_i/processing_system7_0/inst/FCLK_CLK0 |                                                                                                                                                                           | zynq_axi_segment_i/axi_SMC/inst/s00_nodes/s00_r_node/inst/s_sc_areset_pipe                                                   |                1 |              1 |         1.00 |
|  zynq_axi_segment_i/processing_system7_0/inst/FCLK_CLK0 |                                                                                                                                                                           | zynq_axi_segment_i/axi_SMC/inst/s00_nodes/s00_w_node/inst/s_sc_areset_pipe                                                   |                1 |              1 |         1.00 |
|  zynq_axi_segment_i/processing_system7_0/inst/FCLK_CLK0 |                                                                                                                                                                           | zynq_axi_segment_i/axi_SMC/inst/s00_nodes/s00_aw_node/inst/s_sc_areset_pipe                                                  |                1 |              1 |         1.00 |
|  zynq_axi_segment_i/processing_system7_0/inst/FCLK_CLK0 |                                                                                                                                                                           | zynq_axi_segment_i/axi_SMC/inst/s00_nodes/s00_ar_node/inst/s_sc_areset_pipe                                                  |                1 |              1 |         1.00 |
|  zynq_axi_segment_i/processing_system7_0/inst/FCLK_CLK0 |                                                                                                                                                                           | zynq_axi_segment_i/axi_SMC/inst/s00_nodes/s00_b_node/inst/s_sc_areset_pipe                                                   |                1 |              1 |         1.00 |
|  zynq_axi_segment_i/processing_system7_0/inst/FCLK_CLK0 | zynq_axi_segment_i/axi_SMC/inst/s00_nodes/s00_ar_node/inst/inst_mi_handler/gen_normal_area.inst_fifo_node_payld/gen_reg_fifo.inst_reg_fifo/gen_single_rank.inst_cntr/E[0] |                                                                                                                              |                1 |              2 |         2.00 |
|  zynq_axi_segment_i/processing_system7_0/inst/FCLK_CLK0 | zynq_axi_segment_i/axi_SMC/inst/s00_entry_pipeline/s00_si_converter/inst/gen_axilite_conv.axilite_conv_inst/ar_addr_d[3]_i_1_n_0                                          | zynq_axi_segment_i/axi_SMC/inst/s00_entry_pipeline/s00_si_converter/inst/areset                                              |                1 |              2 |         2.00 |
|  zynq_axi_segment_i/processing_system7_0/inst/FCLK_CLK0 | zynq_axi_segment_i/axi_SMC/inst/s00_nodes/s00_aw_node/inst/inst_mi_handler/gen_normal_area.inst_fifo_node_payld/gen_reg_fifo.inst_reg_fifo/gen_single_rank.inst_cntr/E[0] |                                                                                                                              |                1 |              2 |         2.00 |
|  zynq_axi_segment_i/processing_system7_0/inst/FCLK_CLK0 |                                                                                                                                                                           | zynq_axi_segment_i/axi_SMC/inst/s00_entry_pipeline/s00_transaction_regulator/inst/xpm_cdc_async_rst_inst/reset_pol           |                1 |              3 |         3.00 |
|  zynq_axi_segment_i/processing_system7_0/inst/FCLK_CLK0 |                                                                                                                                                                           | zynq_axi_segment_i/axi_SMC/inst/m00_exit_pipeline/m00_exit/inst/xpm_cdc_async_rst_inst/reset_pol                             |                1 |              3 |         3.00 |
|  zynq_axi_segment_i/processing_system7_0/inst/FCLK_CLK0 |                                                                                                                                                                           | zynq_axi_segment_i/axi_SMC/inst/s00_entry_pipeline/s00_mmu/inst/xpm_cdc_async_rst_inst/reset_pol                             |                1 |              3 |         3.00 |
|  zynq_axi_segment_i/processing_system7_0/inst/FCLK_CLK0 |                                                                                                                                                                           | zynq_axi_segment_i/axi_SMC/inst/s00_nodes/s00_b_node/inst/s_sc_xpm_cdc_async_rst_inst/reset_pol                              |                1 |              3 |         3.00 |
|  zynq_axi_segment_i/processing_system7_0/inst/FCLK_CLK0 |                                                                                                                                                                           | zynq_axi_segment_i/axi_SMC/inst/s00_nodes/s00_ar_node/inst/s_sc_xpm_cdc_async_rst_inst/reset_pol                             |                1 |              3 |         3.00 |
|  zynq_axi_segment_i/processing_system7_0/inst/FCLK_CLK0 |                                                                                                                                                                           | zynq_axi_segment_i/axi_SMC/inst/s00_nodes/s00_aw_node/inst/s_sc_xpm_cdc_async_rst_inst/reset_pol                             |                1 |              3 |         3.00 |
|  zynq_axi_segment_i/processing_system7_0/inst/FCLK_CLK0 |                                                                                                                                                                           | zynq_axi_segment_i/axi_SMC/inst/s00_nodes/s00_r_node/inst/s_sc_xpm_cdc_async_rst_inst/reset_pol                              |                1 |              3 |         3.00 |
|  zynq_axi_segment_i/processing_system7_0/inst/FCLK_CLK0 |                                                                                                                                                                           | zynq_axi_segment_i/axi_SMC/inst/s00_entry_pipeline/s00_si_converter/inst/xpm_cdc_async_rst_inst/reset_pol                    |                1 |              3 |         3.00 |
|  zynq_axi_segment_i/processing_system7_0/inst/FCLK_CLK0 |                                                                                                                                                                           | zynq_axi_segment_i/axi_SMC/inst/s00_nodes/s00_w_node/inst/s_sc_xpm_cdc_async_rst_inst/reset_pol                              |                1 |              3 |         3.00 |
|  zynq_axi_segment_i/processing_system7_0/inst/FCLK_CLK0 |                                                                                                                                                                           | zynq_axi_segment_i/rst_ps7_0_100M/U0/EXT_LPF/lpf_int                                                                         |                3 |              4 |         1.33 |
|  zynq_axi_segment_i/processing_system7_0/inst/FCLK_CLK0 |                                                                                                                                                                           | zynq_axi_segment_i/axi_SMC/inst/clk_map/psr_aclk/U0/EXT_LPF/lpf_int                                                          |                1 |              4 |         4.00 |
|  zynq_axi_segment_i/processing_system7_0/inst/FCLK_CLK0 | zynq_axi_segment_i/axi_SMC/inst/s00_entry_pipeline/s00_si_converter/inst/gen_axilite_conv.axilite_conv_inst/aw_addr[3]_i_1_n_0                                            | zynq_axi_segment_i/axi_SMC/inst/s00_entry_pipeline/s00_si_converter/inst/areset                                              |                2 |              4 |         2.00 |
|  zynq_axi_segment_i/processing_system7_0/inst/FCLK_CLK0 | zynq_axi_segment_i/axi_SMC/inst/m00_exit_pipeline/m00_exit/inst/exit_inst/m_axi_awvalid                                                                                   | zynq_axi_segment_i/axi_slve_0/inst/slv_reg1[0]_i_1_n_0                                                                       |                2 |              4 |         2.00 |
|  zynq_axi_segment_i/processing_system7_0/inst/FCLK_CLK0 | zynq_axi_segment_i/rst_ps7_0_100M/U0/SEQ/seq_cnt_en                                                                                                                       | zynq_axi_segment_i/rst_ps7_0_100M/U0/SEQ/SEQ_COUNTER/clear                                                                   |                1 |              6 |         6.00 |
|  zynq_axi_segment_i/processing_system7_0/inst/FCLK_CLK0 | zynq_axi_segment_i/axi_SMC/inst/clk_map/psr_aclk/U0/SEQ/seq_cnt_en                                                                                                        | zynq_axi_segment_i/axi_SMC/inst/clk_map/psr_aclk/U0/SEQ/SEQ_COUNTER/clear                                                    |                1 |              6 |         6.00 |
|  zynq_axi_segment_i/processing_system7_0/inst/FCLK_CLK0 | zynq_axi_segment_i/axi_SMC/inst/s00_entry_pipeline/s00_mmu/inst/gen_endpoint.decerr_slave_inst/gen_axi.gen_read.read_cnt[7]_i_1_n_0                                       | zynq_axi_segment_i/axi_SMC/inst/s00_entry_pipeline/s00_mmu/inst/areset                                                       |                3 |              8 |         2.67 |
|  zynq_axi_segment_i/processing_system7_0/inst/FCLK_CLK0 | zynq_axi_segment_i/axi_SMC/inst/s00_entry_pipeline/s00_si_converter/inst/gen_axilite_conv.axilite_conv_inst/r_beats[7]_i_1_n_0                                            | zynq_axi_segment_i/axi_SMC/inst/s00_entry_pipeline/s00_si_converter/inst/areset                                              |                3 |              8 |         2.67 |
|  zynq_axi_segment_i/processing_system7_0/inst/FCLK_CLK0 |                                                                                                                                                                           | zynq_axi_segment_i/axi_slve_0/inst/slv_reg1[0]_i_1_n_0                                                                       |                2 |              9 |         4.50 |
|  zynq_axi_segment_i/processing_system7_0/inst/FCLK_CLK0 | zynq_axi_segment_i/axi_SMC/inst/s00_entry_pipeline/s00_si_converter/inst/gen_axilite_conv.axilite_conv_inst/ar_cnt[8]_i_1_n_0                                             | zynq_axi_segment_i/axi_SMC/inst/s00_entry_pipeline/s00_si_converter/inst/areset                                              |                4 |              9 |         2.25 |
|  zynq_axi_segment_i/processing_system7_0/inst/FCLK_CLK0 | zynq_axi_segment_i/axi_SMC/inst/s00_entry_pipeline/s00_si_converter/inst/gen_axilite_conv.axilite_conv_inst/b_cnt                                                         | zynq_axi_segment_i/axi_SMC/inst/s00_entry_pipeline/s00_si_converter/inst/gen_axilite_conv.axilite_conv_inst/b_cnt[8]_i_1_n_0 |                3 |              9 |         3.00 |
|  zynq_axi_segment_i/processing_system7_0/inst/FCLK_CLK0 | zynq_axi_segment_i/axi_SMC/inst/s00_entry_pipeline/s00_si_converter/inst/gen_axilite_conv.axilite_conv_inst/m_aruser                                                      | zynq_axi_segment_i/axi_SMC/inst/s00_entry_pipeline/s00_si_converter/inst/areset                                              |                3 |              9 |         3.00 |
|  zynq_axi_segment_i/processing_system7_0/inst/FCLK_CLK0 | zynq_axi_segment_i/axi_SMC/inst/s00_entry_pipeline/s00_si_converter/inst/gen_axilite_conv.axilite_conv_inst/w_cnt[8]_i_1_n_0                                              | zynq_axi_segment_i/axi_SMC/inst/s00_entry_pipeline/s00_si_converter/inst/areset                                              |                3 |              9 |         3.00 |
|  zynq_axi_segment_i/processing_system7_0/inst/FCLK_CLK0 | zynq_axi_segment_i/axi_SMC/inst/s00_entry_pipeline/s00_mmu/inst/gen_endpoint.decerr_slave_inst/gen_axi.gen_read.s_axi_rid_i[11]_i_1_n_0                                   | zynq_axi_segment_i/axi_SMC/inst/s00_entry_pipeline/s00_mmu/inst/areset                                                       |                3 |             12 |         4.00 |
|  zynq_axi_segment_i/processing_system7_0/inst/FCLK_CLK0 | zynq_axi_segment_i/axi_SMC/inst/s00_entry_pipeline/s00_mmu/inst/gen_endpoint.decerr_slave_inst/gen_axi.gen_write.s_axi_bid_i[11]_i_1_n_0                                  | zynq_axi_segment_i/axi_SMC/inst/s00_entry_pipeline/s00_mmu/inst/areset                                                       |                2 |             12 |         6.00 |
|  zynq_axi_segment_i/processing_system7_0/inst/FCLK_CLK0 | zynq_axi_segment_i/axi_SMC/inst/s00_entry_pipeline/s00_transaction_regulator/inst/gen_endpoint.gen_w_singleorder.w_singleorder/gen_id_reg.s_rid_i0                        |                                                                                                                              |                2 |             12 |         6.00 |
|  zynq_axi_segment_i/processing_system7_0/inst/FCLK_CLK0 | zynq_axi_segment_i/axi_SMC/inst/s00_entry_pipeline/s00_transaction_regulator/inst/gen_endpoint.gen_r_singleorder.r_singleorder/gen_id_reg.s_rid_i0                        |                                                                                                                              |                4 |             12 |         3.00 |
|  zynq_axi_segment_i/processing_system7_0/inst/FCLK_CLK0 | zynq_axi_segment_i/axi_SMC/inst/s00_entry_pipeline/s00_mmu/inst/aw_reg_stall/m_vector_i                                                                                   |                                                                                                                              |                3 |             18 |         6.00 |
|  zynq_axi_segment_i/processing_system7_0/inst/FCLK_CLK0 | zynq_axi_segment_i/axi_SMC/inst/s00_entry_pipeline/s00_mmu/inst/aw_reg_stall/skid_buffer[1136]_i_1__0_n_0                                                                 |                                                                                                                              |                3 |             18 |         6.00 |
|  zynq_axi_segment_i/processing_system7_0/inst/FCLK_CLK0 |                                                                                                                                                                           | zynq_axi_segment_i/test_SegDisp_0/inst/enable                                                                                |                6 |             21 |         3.50 |
|  zynq_axi_segment_i/processing_system7_0/inst/FCLK_CLK0 |                                                                                                                                                                           | zynq_axi_segment_i/axi_SMC/inst/s00_entry_pipeline/s00_si_converter/inst/areset                                              |               10 |             22 |         2.20 |
|  zynq_axi_segment_i/processing_system7_0/inst/FCLK_CLK0 | zynq_axi_segment_i/axi_SMC/inst/s00_entry_pipeline/s00_mmu/inst/ar_reg_stall/skid_buffer[1136]_i_1_n_0                                                                    |                                                                                                                              |                3 |             22 |         7.33 |
|  zynq_axi_segment_i/processing_system7_0/inst/FCLK_CLK0 | zynq_axi_segment_i/axi_SMC/inst/s00_entry_pipeline/s00_mmu/inst/ar_reg_stall/m_vector_i                                                                                   |                                                                                                                              |                3 |             22 |         7.33 |
|  zynq_axi_segment_i/processing_system7_0/inst/FCLK_CLK0 |                                                                                                                                                                           | zynq_axi_segment_i/axi_SMC/inst/s00_entry_pipeline/s00_mmu/inst/areset                                                       |               10 |             23 |         2.30 |
|  zynq_axi_segment_i/processing_system7_0/inst/FCLK_CLK0 | zynq_axi_segment_i/axi_SMC/inst/s00_entry_pipeline/s00_si_converter/inst/gen_axilite_conv.axilite_conv_inst/s_axi_rdata_i[31]_i_1_n_0                                     | zynq_axi_segment_i/axi_SMC/inst/s00_entry_pipeline/s00_si_converter/inst/areset                                              |                6 |             32 |         5.33 |
|  zynq_axi_segment_i/processing_system7_0/inst/FCLK_CLK0 | zynq_axi_segment_i/axi_SMC/inst/s00_nodes/s00_r_node/inst/inst_mi_handler/gen_normal_area.inst_fifo_node_payld/gen_reg_fifo.inst_reg_fifo/gen_single_rank.inst_cntr/E[0]  |                                                                                                                              |               13 |             32 |         2.46 |
|  zynq_axi_segment_i/processing_system7_0/inst/FCLK_CLK0 | zynq_axi_segment_i/axi_SMC/inst/s00_nodes/s00_w_node/inst/inst_mi_handler/gen_normal_area.inst_fifo_node_payld/gen_reg_fifo.inst_reg_fifo/gen_single_rank.inst_cntr/E[0]  |                                                                                                                              |                7 |             32 |         4.57 |
|  zynq_axi_segment_i/processing_system7_0/inst/FCLK_CLK0 | zynq_axi_segment_i/axi_slve_0/inst/axi_wdata_3                                                                                                                            | zynq_axi_segment_i/axi_slve_0/inst/slv_reg1[0]_i_1_n_0                                                                       |                9 |             32 |         3.56 |
|  zynq_axi_segment_i/processing_system7_0/inst/FCLK_CLK0 | zynq_axi_segment_i/axi_slve_0/inst/slv_reg1_0                                                                                                                             | zynq_axi_segment_i/axi_slve_0/inst/slv_reg1[0]_i_1_n_0                                                                       |                7 |             32 |         4.57 |
|  zynq_axi_segment_i/processing_system7_0/inst/FCLK_CLK0 | zynq_axi_segment_i/axi_slve_0/inst/slv_reg2_2                                                                                                                             | zynq_axi_segment_i/axi_slve_0/inst/slv_reg1[0]_i_1_n_0                                                                       |                8 |             32 |         4.00 |
|  zynq_axi_segment_i/processing_system7_0/inst/FCLK_CLK0 | zynq_axi_segment_i/axi_slve_0/inst/slv_reg3_1                                                                                                                             | zynq_axi_segment_i/axi_slve_0/inst/slv_reg1[0]_i_1_n_0                                                                       |                8 |             32 |         4.00 |
|  zynq_axi_segment_i/processing_system7_0/inst/FCLK_CLK0 |                                                                                                                                                                           |                                                                                                                              |               39 |            130 |         3.33 |
+---------------------------------------------------------+---------------------------------------------------------------------------------------------------------------------------------------------------------------------------+------------------------------------------------------------------------------------------------------------------------------+------------------+----------------+--------------+


