#
# A fatal error has been detected by the Java Runtime Environment:
#
#  EXCEPTION_UNCAUGHT_CXX_EXCEPTION (0xe06d7363) at pc=0x00007ffa59d5fabc, pid=15744, tid=15068
#
# JRE version: OpenJDK Runtime Environment Temurin-17.0.7+7 (17.0.7+7) (build 17.0.7+7)
# Java VM: OpenJDK 64-Bit Server VM Temurin-17.0.7+7 (17.0.7+7, mixed mode, sharing, tiered, compressed oops, compressed class ptrs, g1 gc, windows-amd64)
# Problematic frame:
# C  [KERNELBASE.dll+0x5fabc]
#
# No core dump will be written. Minidumps are not enabled by default on client versions of Windows
#
# If you would like to submit a bug report, please visit:
#   https://github.com/adoptium/adoptium-support/issues
#

---------------  S U M M A R Y ------------

Command Line: -Dsun.java2d.pmoffscreen=false -Dhttps.protocols=TLSv1,TLSv1.1,TLSv1.2 -Dsun.java2d.xrender=false -Dsun.java2d.d3d=false -Dsun.awt.nopixfmt=true -Dsun.java2d.dpiaware=true -Dsun.java2d.uiScale.enabled=false -Dswing.aatext=true -XX:-UsePerfData -Djdk.map.althashing.threshold=512 -XX:StringTableSize=4072 -XX:+UseStringDeduplication -XX:MaxGCPauseMillis=200 -XX:+ParallelRefProcEnabled --add-opens=java.desktop/javax.swing.plaf.synth=ALL-UNNAMED --add-opens=java.base/java.nio=ALL-UNNAMED --add-opens=java.desktop/sun.swing=ALL-UNNAMED --add-opens=java.desktop/javax.swing=ALL-UNNAMED --add-opens=java.desktop/javax.swing.tree=ALL-UNNAMED --add-opens=java.desktop/javax.swing.plaf.basic=ALL-UNNAMED --add-opens=java.desktop/javax.swing.plaf.synth=ALL-UNNAMED --add-opens=java.desktop/javax.swing.plaf.basic=ALL-UNNAMED --add-opens=java.desktop/javax.swing=ALL-UNNAMED --add-opens=java.desktop/javax.swing.tree=ALL-UNNAMED --add-opens=java.desktop/java.awt.event=ALL-UNNAMED --add-exports=java.desktop/javax.swing.plaf.synth=ALL-UNNAMED --add-exports=java.base/java.nio=ALL-UNNAMED --add-exports=java.desktop/sun.swing=ALL-UNNAMED --add-exports=java.desktop/javax.swing=ALL-UNNAMED --add-exports=java.desktop/javax.swing.tree=ALL-UNNAMED --add-exports=java.desktop/javax.swing.plaf.basic=ALL-UNNAMED --add-exports=java.desktop/sun.swing=ALL-UNNAMED --add-exports=java.desktop/sun.swing.table=ALL-UNNAMED --add-exports=java.desktop/sun.swing.plaf.synth=ALL-UNNAMED --add-exports=java.desktop/sun.awt.shell=ALL-UNNAMED --add-exports=java.base/sun.security.action=ALL-UNNAMED --add-exports=java.desktop/sun.font=ALL-UNNAMED -XX:NewSize=80m -XX:MaxNewSize=80m -Xms512m -Xmx4072m -Xss10m 

Host: 13th Gen Intel(R) Core(TM) i7-13700, 24 cores, 31G,  Windows 11 , 64 bit Build 22621 (10.0.22621.3958)
Time: Tue Oct 22 11:30:47 2024  Windows 11 , 64 bit Build 22621 (10.0.22621.3958) elapsed time: 220.534049 seconds (0d 0h 3m 40s)

---------------  T H R E A D  ---------------

Current thread (0x000001fc057388a0):  JavaThread "C2 CompilerThread0" daemon [_thread_in_native, id=15068, stack(0x0000000e5e100000,0x0000000e5e200000)]


Current CompileTask:
C2: 220534 20896   !   4       com.jidesoft.plaf.basic.BasicStyledLabelUI::internalPaintStyledText (3023 bytes)

Stack: [0x0000000e5e100000,0x0000000e5e200000],  sp=0x0000000e5e1fb320,  free space=1004k
Native frames: (J=compiled Java code, j=interpreted, Vv=VM code, C=native code)
C  [KERNELBASE.dll+0x5fabc]
C  [VCRUNTIME140.dll+0x6ba7]
C  [librdi_common.dll+0x938196]
C  [MSVCP140.dll+0x11e11]
C  [ucrtbase.dll+0x7a5ec]
C  [ucrtbase.dll+0x5fca2]
V  [jvm.dll+0x669f41]
V  [jvm.dll+0xac07a]
V  [jvm.dll+0xac67c]
V  [jvm.dll+0x364de2]
V  [jvm.dll+0x32f6b1]
V  [jvm.dll+0x32eb5a]
V  [jvm.dll+0x219641]
V  [jvm.dll+0x218a61]
V  [jvm.dll+0x1a4d8d]
V  [jvm.dll+0x2284da]
V  [jvm.dll+0x226615]
V  [jvm.dll+0x7ea90b]
V  [jvm.dll+0x7e4e7a]
V  [jvm.dll+0x676395]
C  [ucrtbase.dll+0x29333]
C  [KERNEL32.DLL+0x1257d]
C  [ntdll.dll+0x5af28]


siginfo: EXCEPTION_UNCAUGHT_CXX_EXCEPTION (0xe06d7363), ExceptionInformation=0x0000000019930520 0x0000000e5e1fb480 0x00007ff9e848b420 0x00007ff9e72c0000 


Register to memory mapping:

RIP=0x00007ffa59d5fabc KERNELBASE.dll
RAX=0x00007ff9e0ab703b jvm.dll
RBX=0x00007ff9e848b420 librdi_common.dll
RCX=0x0 is NULL
RDX=0x00007ffa59d39a9e KERNELBASE.dll
RSP=0x0000000e5e1fb320 is pointing into the stack for thread: 0x000001fc057388a0
RBP=0x000000000000000d is an unknown value
RSI=0x0000000e5e1fb480 is pointing into the stack for thread: 0x000001fc057388a0
RDI=0x0000000019930520 is an unknown value
R8 =0x00007ff9e036c67c jvm.dll
R9 =0x0000000000000048 is an unknown value
R10=0x0000000e00000001 is an unknown value
R11=0x0 is NULL
R12=0x00000000000003d8 is an unknown value
R13=0x000001fc746076d0 points into unknown readable memory: 0x0000000e00000002 | 02 00 00 00 0e 00 00 00
R14=0x0000000000002900 is an unknown value
R15=0x0 is NULL


Registers:
RAX=0x00007ff9e0ab703b, RBX=0x00007ff9e848b420, RCX=0x0000000000000000, RDX=0x00007ffa59d39a9e
RSP=0x0000000e5e1fb320, RBP=0x000000000000000d, RSI=0x0000000e5e1fb480, RDI=0x0000000019930520
R8 =0x00007ff9e036c67c, R9 =0x0000000000000048, R10=0x0000000e00000001, R11=0x0000000000000000
R12=0x00000000000003d8, R13=0x000001fc746076d0, R14=0x0000000000002900, R15=0x0000000000000000
RIP=0x00007ffa59d5fabc, EFLAGS=0x0000000000000202

Top of Stack: (sp=0x0000000e5e1fb320)
0x0000000e5e1fb320:   0000000000000000 00007ff9e848b420
0x0000000e5e1fb330:   0000000e5e1fb480 000001fc7d44c03f
0x0000000e5e1fb340:   00000081e06d7363 0000000000000000
0x0000000e5e1fb350:   00007ffa59d5fabc 000001fc00000004
0x0000000e5e1fb360:   0000000019930520 0000000e5e1fb480
0x0000000e5e1fb370:   00007ff9e848b420 00007ff9e72c0000
0x0000000e5e1fb380:   0000000000000000 00007ff9e04e00d2
0x0000000e5e1fb390:   0000000000000000 00007ff9e848b420
0x0000000e5e1fb3a0:   0000000000002900 00007ffa5c6c6acf
0x0000000e5e1fb3b0:   0000000e5e1fb420 00007ff9e889b000
0x0000000e5e1fb3c0:   0000000e5e1fb480 0000000019930520
0x0000000e5e1fb3d0:   00007ff9e889b000 00007ff9e72c0000
0x0000000e5e1fb3e0:   000063f92904c741 00007ffa5c68aff1
0x0000000e5e1fb3f0:   00007ff9e848b420 00007ffa3c536ba7
0x0000000e5e1fb400:   000000000000000d 0000000000000000
0x0000000e5e1fb410:   0000000000000000 0000000000000002 

Instructions: (pc=0x00007ffa59d5fabc)
0x00007ffa59d5f9bc:   ff 4c 8d 05 74 0e 2d 00 33 d2 b9 00 00 10 00 e8
0x00007ffa59d5f9cc:   c0 3f fe ff 4c 8b f0 48 89 44 24 58 48 85 c0 0f
0x00007ffa59d5f9dc:   84 0b fe ff ff 4c 8d 05 38 0e 2d 00 33 d2 8d 4a
0x00007ffa59d5f9ec:   02 e8 9e 3f fe ff 48 8b f8 48 89 44 24 50 e9 ed
0x00007ffa59d5f9fc:   fd ff ff 45 33 c0 49 8b d7 48 83 c9 ff e8 72 a6
0x00007ffa59d5fa0c:   01 00 e9 08 ff ff ff 48 8b 0d 6e f2 2f 00 e8 31
0x00007ffa59d5fa1c:   c2 fd ff 48 8b cf e8 f9 95 fc ff e9 f8 fe ff ff
0x00007ffa59d5fa2c:   49 8b ce e8 ec 95 fc ff e9 f4 fe ff ff 48 8b ce
0x00007ffa59d5fa3c:   e8 df 95 fc ff e9 f0 fe ff ff cc cc 71 18 d3 7a
0x00007ffa59d5fa4c:   1a 87 89 f9 48 81 ec d8 00 00 00 48 8b 05 22 c5
0x00007ffa59d5fa5c:   2f 00 48 33 c4 48 89 84 24 c0 00 00 00 48 83 64
0x00007ffa59d5fa6c:   24 28 00 48 8d 05 da ff ff ff 83 e2 01 89 4c 24
0x00007ffa59d5fa7c:   20 89 54 24 24 48 89 44 24 30 4d 85 c9 74 4f b8
0x00007ffa59d5fa8c:   0f 00 00 00 48 8d 4c 24 40 44 3b c0 49 8b d1 41
0x00007ffa59d5fa9c:   0f 46 c0 44 8b c0 44 89 44 24 38 49 c1 e0 03 e8
0x00007ffa59d5faac:   47 22 07 00 48 8d 4c 24 20 48 ff 15 e4 52 20 00
0x00007ffa59d5fabc:   0f 1f 44 00 00 48 8b 8c 24 c0 00 00 00 48 33 cc
0x00007ffa59d5facc:   e8 4f 09 05 00 48 81 c4 d8 00 00 00 c3 cc 83 64
0x00007ffa59d5fadc:   24 38 00 eb cf cc cc cc cc cc cc cc 48 8b c4 48
0x00007ffa59d5faec:   89 58 08 48 89 70 10 48 89 78 18 4c 89 68 20 55
0x00007ffa59d5fafc:   41 56 41 57 48 8d 68 a1 48 81 ec e0 00 00 00 48
0x00007ffa59d5fb0c:   8b 05 6e c4 2f 00 48 33 c4 48 89 45 3f 45 33 ff
0x00007ffa59d5fb1c:   66 c7 45 2b 00 05 48 8d 45 c7 44 89 7d 27 48 89
0x00007ffa59d5fb2c:   44 24 50 48 8d 4d 27 44 89 7c 24 48 45 33 c9 44
0x00007ffa59d5fb3c:   89 7c 24 40 45 8d 47 12 44 89 7c 24 38 b2 01 44
0x00007ffa59d5fb4c:   89 7c 24 30 41 8b df 44 89 7c 24 28 41 8b ff 44
0x00007ffa59d5fb5c:   89 7c 24 20 45 8b f7 44 89 7d 2f 66 c7 45 33 00
0x00007ffa59d5fb6c:   01 44 89 7d 37 66 c7 45 3b 00 10 4c 89 7d c7 4c
0x00007ffa59d5fb7c:   89 7d cf 4c 89 7d d7 4c 89 7d df 48 ff 15 32 53
0x00007ffa59d5fb8c:   20 00 0f 1f 44 00 00 85 c0 0f 88 a7 02 00 00 48
0x00007ffa59d5fb9c:   8d 45 cf 41 b9 20 02 00 00 48 89 44 24 50 45 8d
0x00007ffa59d5fbac:   6f 02 44 89 7c 24 48 45 8d 47 20 44 89 7c 24 40 


Stack slot to memory mapping:
stack at sp + 0 slots: 0x0 is NULL
stack at sp + 1 slots: 0x00007ff9e848b420 librdi_common.dll
stack at sp + 2 slots: 0x0000000e5e1fb480 is pointing into the stack for thread: 0x000001fc057388a0
stack at sp + 3 slots: 0x000001fc7d44c03f is an unknown value
stack at sp + 4 slots: 0x00000081e06d7363 is an unknown value
stack at sp + 5 slots: 0x0 is NULL
stack at sp + 6 slots: 0x00007ffa59d5fabc KERNELBASE.dll
stack at sp + 7 slots: 0x000001fc00000004 is an unknown value


---------------  P R O C E S S  ---------------

Threads class SMR info:
_java_thread_list=0x000001fc88a651d0, length=44, elements={
0x000001fc050179c0, 0x000001fc0570b750, 0x000001fc0570c010, 0x000001fc05724160,
0x000001fc057292e0, 0x000001fc05737fe0, 0x000001fc0572efa0, 0x000001fc057388a0,
0x000001fc057431f0, 0x000001fc057479b0, 0x000001fc059c7850, 0x000001fc059cbd60,
0x000001fc2a2cb120, 0x000001fc2a18ae40, 0x000001fc05ead500, 0x000001fc2ac85a40,
0x000001fc2a832f00, 0x000001fc2a8303b0, 0x000001fc2a82fee0, 0x000001fc2a8333d0,
0x000001fc330c2bb0, 0x000001fc36dde740, 0x000001fc36dddda0, 0x000001fc376f2d00,
0x000001fc376f5850, 0x000001fc3585ebd0, 0x000001fc3e9c0730, 0x000001fc3dd83240,
0x000001fc3dd888e0, 0x000001fc3dd86730, 0x000001fc3dd823d0, 0x000001fc3dd853f0,
0x000001fc3dd858c0, 0x000001fc3dd86c00, 0x000001fc3dd87a70, 0x000001fc3dd86260,
0x000001fc3dd81a30, 0x000001fc3dd90fa0, 0x000001fc3dd8cc40, 0x000001fc3dd8d5e0,
0x000001fc3dd840b0, 0x000001fc3dd8af60, 0x000001fc3dd8b430, 0x000001fc3dd91470
}

Java Threads: ( => current thread )
  0x000001fc050179c0 JavaThread "main" [_thread_blocked, id=21364, stack(0x0000000e59d00000,0x0000000e59e00000)]
  0x000001fc0570b750 JavaThread "Reference Handler" daemon [_thread_blocked, id=13144, stack(0x0000000e5a500000,0x0000000e5af00000)]
  0x000001fc0570c010 JavaThread "Finalizer" daemon [_thread_blocked, id=14844, stack(0x0000000e5af00000,0x0000000e5b900000)]
  0x000001fc05724160 JavaThread "Signal Dispatcher" daemon [_thread_blocked, id=3028, stack(0x0000000e5b900000,0x0000000e5c300000)]
  0x000001fc057292e0 JavaThread "Attach Listener" daemon [_thread_blocked, id=16852, stack(0x0000000e5c300000,0x0000000e5cd00000)]
  0x000001fc05737fe0 JavaThread "Service Thread" daemon [_thread_blocked, id=7092, stack(0x0000000e5cd00000,0x0000000e5d700000)]
  0x000001fc0572efa0 JavaThread "Monitor Deflation Thread" daemon [_thread_blocked, id=10716, stack(0x0000000e5d700000,0x0000000e5e100000)]
=>0x000001fc057388a0 JavaThread "C2 CompilerThread0" daemon [_thread_in_native, id=15068, stack(0x0000000e5e100000,0x0000000e5e200000)]
  0x000001fc057431f0 JavaThread "C1 CompilerThread0" daemon [_thread_blocked, id=10480, stack(0x0000000e5e200000,0x0000000e5e300000)]
  0x000001fc057479b0 JavaThread "Sweeper thread" daemon [_thread_blocked, id=7232, stack(0x0000000e5e300000,0x0000000e5ed00000)]
  0x000001fc059c7850 JavaThread "Common-Cleaner" daemon [_thread_blocked, id=7220, stack(0x0000000e5f000000,0x0000000e5fa00000)]
  0x000001fc059cbd60 JavaThread "Notification Thread" daemon [_thread_blocked, id=19056, stack(0x0000000e5fa00000,0x0000000e60400000)]
  0x000001fc2a2cb120 JavaThread "Java2D Disposer" daemon [_thread_blocked, id=14072, stack(0x0000000e60500000,0x0000000e60f00000)]
  0x000001fc2a18ae40 JavaThread "AWT-Shutdown" [_thread_blocked, id=14036, stack(0x0000000e60f00000,0x0000000e61900000)]
  0x000001fc05ead500 JavaThread "AWT-Windows" daemon [_thread_in_native, id=12492, stack(0x0000000e61a00000,0x0000000e62400000)]
  0x000001fc2ac85a40 JavaThread "TimerQueue" daemon [_thread_blocked, id=10372, stack(0x0000000e62700000,0x0000000e63100000)]
  0x000001fc2a832f00 JavaThread "AWT-EventQueue-0" [_thread_blocked, id=14536, stack(0x0000000e64300000,0x0000000e64d00000)]
  0x000001fc2a8303b0 JavaThread "Thread-1" [_thread_in_native, id=19784, stack(0x0000000e58300000,0x0000000e59700000)]
  0x000001fc2a82fee0 JavaThread "Process Messages Thread" [_thread_blocked, id=13236, stack(0x0000000e66400000,0x0000000e66e00000)]
  0x000001fc2a8333d0 JavaThread "Batik CleanerThread" daemon [_thread_blocked, id=7192, stack(0x0000000e66e00000,0x0000000e67800000)]
  0x000001fc330c2bb0 JavaThread "SyntheticaCleanerThread" daemon [_thread_blocked, id=12420, stack(0x0000000e68200000,0x0000000e68c00000)]
  0x000001fc36dde740 JavaThread "Timer-0" [_thread_blocked, id=20288, stack(0x0000000e6aa00000,0x0000000e6b400000)]
  0x000001fc36dddda0 JavaThread "Monitor File Timestamp Swing Worker Thread" [_thread_blocked, id=9488, stack(0x0000000e6b400000,0x0000000e6be00000)]
  0x000001fc376f2d00 JavaThread "Monitor HEventQueue Thread" [_thread_blocked, id=20516, stack(0x0000000e6be00000,0x0000000e6c800000)]
  0x000001fc376f5850 JavaThread "SyntheticaAnimation 50" daemon [_thread_blocked, id=8440, stack(0x0000000e6c800000,0x0000000e6d200000)]
  0x000001fc3585ebd0 JavaThread "SyntheticaAnimation 25" daemon [_thread_blocked, id=21164, stack(0x0000000e6d200000,0x0000000e6dc00000)]
  0x000001fc3e9c0730 JavaThread "SyntheticaAnimation 70" daemon [_thread_blocked, id=20152, stack(0x0000000e6e600000,0x0000000e6f000000)]
  0x000001fc3dd83240 JavaThread "Refresh Filesets Swing Worker Thread" [_thread_blocked, id=6132, stack(0x0000000e68c00000,0x0000000e69600000)]
  0x000001fc3dd888e0 JavaThread "hw_ila_monitor" [_thread_blocked, id=21172, stack(0x0000000e69600000,0x0000000e6a000000)]
  0x000001fc3dd86730 JavaThread "pool-2-thread-1" [_thread_blocked, id=16952, stack(0x0000000e6f000000,0x0000000e6fa00000)]
  0x000001fc3dd823d0 JavaThread "Timer-1" [_thread_blocked, id=1580, stack(0x0000000e6fa00000,0x0000000e70400000)]
  0x000001fc3dd853f0 JavaThread "pool-3-thread-1" [_thread_blocked, id=18516, stack(0x0000000e70400000,0x0000000e70e00000)]
  0x000001fc3dd858c0 JavaThread "Timer-2" [_thread_blocked, id=2660, stack(0x0000000e70e00000,0x0000000e71800000)]
  0x000001fc3dd86c00 JavaThread "pool-4-thread-1" [_thread_blocked, id=5192, stack(0x0000000e71800000,0x0000000e72200000)]
  0x000001fc3dd87a70 JavaThread "Timer-3" [_thread_blocked, id=21008, stack(0x0000000e72200000,0x0000000e72c00000)]
  0x000001fc3dd86260 JavaThread "Update Runs Swing Worker Thread" [_thread_blocked, id=13816, stack(0x0000000e73600000,0x0000000e74000000)]
  0x000001fc3dd81a30 JavaThread "SyntheticaAnimation 50" daemon [_thread_blocked, id=9212, stack(0x0000000e64d00000,0x0000000e65700000)]
  0x000001fc3dd90fa0 JavaThread "Swing-Shell" daemon [_thread_blocked, id=13316, stack(0x0000000e67800000,0x0000000e68200000)]
  0x000001fc3dd8cc40 JavaThread "Timer-4" [_thread_blocked, id=5632, stack(0x0000000e6a000000,0x0000000e6aa00000)]
  0x000001fc3dd8d5e0 JavaThread "Monitor File Timestamp Swing Worker Thread" [_thread_blocked, id=9596, stack(0x0000000e72c00000,0x0000000e73600000)]
  0x000001fc3dd840b0 JavaThread "Image Animator 3" daemon [_thread_blocked, id=19576, stack(0x0000000e75400000,0x0000000e75e00000)]
  0x000001fc3dd8af60 JavaThread "Timer-6" [_thread_blocked, id=11424, stack(0x0000000e76800000,0x0000000e77200000)]
  0x000001fc3dd8b430 JavaThread "Monitor File Timestamp Swing Worker Thread" [_thread_blocked, id=20424, stack(0x0000000e77200000,0x0000000e77c00000)]
  0x000001fc3dd91470 JavaThread "Run Simulation Thread" [_thread_in_native, id=3676, stack(0x0000000e6dc00000,0x0000000e6e600000)]

Other Threads:
  0x000001fc05705d90 VMThread "VM Thread" [stack: 0x0000000e5a400000,0x0000000e5a500000] [id=2052]
  0x000001fc054d08c0 WatcherThread [stack: 0x0000000e60400000,0x0000000e60500000] [id=14316]
  0x000001fc036366c0 GCTaskThread "GC Thread#0" [stack: 0x0000000e59e00000,0x0000000e59f00000] [id=6972]
  0x000001fc0362fdf0 GCTaskThread "GC Thread#1" [stack: 0x0000000e63100000,0x0000000e63200000] [id=20920]
  0x000001fc03634930 GCTaskThread "GC Thread#2" [stack: 0x0000000e63200000,0x0000000e63300000] [id=20472]
  0x000001fc03634120 GCTaskThread "GC Thread#3" [stack: 0x0000000e63300000,0x0000000e63400000] [id=4176]
  0x000001fc03636160 GCTaskThread "GC Thread#4" [stack: 0x0000000e63400000,0x0000000e63500000] [id=1248]
  0x000001fc03636c20 GCTaskThread "GC Thread#5" [stack: 0x0000000e63500000,0x0000000e63600000] [id=3764]
  0x000001fc03632ba0 GCTaskThread "GC Thread#6" [stack: 0x0000000e63600000,0x0000000e63700000] [id=2164]
  0x000001fc03631370 GCTaskThread "GC Thread#7" [stack: 0x0000000e63700000,0x0000000e63800000] [id=12036]
  0x000001fc03637430 GCTaskThread "GC Thread#8" [stack: 0x0000000e63800000,0x0000000e63900000] [id=1440]
  0x000001fc03635950 GCTaskThread "GC Thread#9" [stack: 0x0000000e63900000,0x0000000e63a00000] [id=20916]
  0x000001fc03633910 GCTaskThread "GC Thread#10" [stack: 0x0000000e63a00000,0x0000000e63b00000] [id=2548]
  0x000001fc03636410 GCTaskThread "GC Thread#11" [stack: 0x0000000e63b00000,0x0000000e63c00000] [id=17476]
  0x000001fc03635c00 GCTaskThread "GC Thread#12" [stack: 0x0000000e63c00000,0x0000000e63d00000] [id=3984]
  0x000001fc03637180 GCTaskThread "GC Thread#13" [stack: 0x0000000e63d00000,0x0000000e63e00000] [id=12608]
  0x000001fc036376e0 GCTaskThread "GC Thread#14" [stack: 0x0000000e63e00000,0x0000000e63f00000] [id=10776]
  0x000001fc03637990 GCTaskThread "GC Thread#15" [stack: 0x0000000e63f00000,0x0000000e64000000] [id=9536]
  0x000001fc0362fb40 GCTaskThread "GC Thread#16" [stack: 0x0000000e64000000,0x0000000e64100000] [id=19052]
  0x000001fc03636970 GCTaskThread "GC Thread#17" [stack: 0x0000000e64100000,0x0000000e64200000] [id=1524]
  0x000001fc03bb02e0 ConcurrentGCThread "G1 Main Marker" [stack: 0x0000000e59f00000,0x0000000e5a000000] [id=12144]
  0x000001fc03636ed0 ConcurrentGCThread "G1 Conc#0" [stack: 0x0000000e5a000000,0x0000000e5a100000] [id=3580]
  0x000001fc03632640 ConcurrentGCThread "G1 Conc#1" [stack: 0x0000000e65900000,0x0000000e65a00000] [id=1320]
  0x000001fc03633660 ConcurrentGCThread "G1 Conc#2" [stack: 0x0000000e65a00000,0x0000000e65b00000] [id=5360]
  0x000001fc03630350 ConcurrentGCThread "G1 Conc#3" [stack: 0x0000000e65b00000,0x0000000e65c00000] [id=19064]
  0x000001fc036328f0 ConcurrentGCThread "G1 Conc#4" [stack: 0x0000000e65c00000,0x0000000e65d00000] [id=21464]
  0x000001fc03a7a350 ConcurrentGCThread "G1 Refine#0" [stack: 0x0000000e5a100000,0x0000000e5a200000] [id=6072]
  0x000001fc03a79210 ConcurrentGCThread "G1 Refine#1" [stack: 0x0000000e64200000,0x0000000e64300000] [id=14564]
  0x000001fc02307c90 ConcurrentGCThread "G1 Service" [stack: 0x0000000e5a200000,0x0000000e5a300000] [id=11580]
  0x000001fc03631b80 ConcurrentGCThread "StringDedupProcessor" [stack: 0x0000000e5a300000,0x0000000e5a400000] [id=3744]

Threads with active compile tasks:
C2 CompilerThread0   220676 20896   !   4       com.jidesoft.plaf.basic.BasicStyledLabelUI::internalPaintStyledText (3023 bytes)

VM state: not at safepoint (normal execution)

VM Mutex/Monitor currently owned by a thread: None

Heap address: 0x0000000701800000, size: 4072 MB, Compressed Oops mode: Zero based, Oop shift amount: 3

CDS archive(s) mapped at: [0x0000000800000000-0x0000000800bc0000-0x0000000800bc0000), size 12320768, SharedBaseAddress: 0x0000000800000000, ArchiveRelocationMode: 0.
Compressed class space mapped at: 0x0000000801000000-0x0000000841000000, reserved size: 1073741824
Narrow klass base: 0x0000000800000000, Narrow klass shift: 0, Narrow klass range: 0x100000000

GC Precious Log:
 CPUs: 24 total, 24 available
 Memory: 32444M
 Large Page Support: Disabled
 NUMA Support: Disabled
 Compressed Oops: Enabled (Zero based)
 Heap Region Size: 2M
 Heap Min Capacity: 512M
 Heap Initial Capacity: 512M
 Heap Max Capacity: 4072M
 Pre-touch: Disabled
 Parallel Workers: 18
 Concurrent Workers: 5
 Concurrent Refinement Workers: 18
 Periodic GC: Disabled
 String Deduplication is enabled

Heap:
 garbage-first heap   total 524288K, used 149510K [0x0000000701800000, 0x0000000800000000)
  region size 2048K, 13 young (26624K), 0 survivors (0K)
 Metaspace       used 98709K, committed 99328K, reserved 1179648K
  class space    used 14490K, committed 14784K, reserved 1048576K

Heap Regions: E=young(eden), S=young(survivor), O=old, HS=humongous(starts), HC=humongous(continues), CS=collection set, F=free, OA=open archive, CA=closed archive, TAMS=top-at-mark-start (previous, next)
|   0|0x0000000701800000, 0x0000000701a00000, 0x0000000701a00000|100%|HS|  |TAMS 0x0000000701a00000, 0x0000000701800000| Untracked 
|   1|0x0000000701a00000, 0x0000000701bfec28, 0x0000000701c00000| 99%| O|  |TAMS 0x0000000701bfec28, 0x0000000701a00000| Untracked 
|   2|0x0000000701c00000, 0x0000000701e00000, 0x0000000701e00000|100%| O|  |TAMS 0x0000000701e00000, 0x0000000701c00000| Untracked 
|   3|0x0000000701e00000, 0x0000000701ffffd0, 0x0000000702000000| 99%| O|  |TAMS 0x0000000701ffffd0, 0x0000000701e00000| Untracked 
|   4|0x0000000702000000, 0x00000007021fffe0, 0x0000000702200000| 99%| O|  |TAMS 0x00000007021fffe0, 0x0000000702000000| Untracked 
|   5|0x0000000702200000, 0x00000007023ffeb8, 0x0000000702400000| 99%| O|  |TAMS 0x00000007023ffeb8, 0x0000000702200000| Untracked 
|   6|0x0000000702400000, 0x0000000702600000, 0x0000000702600000|100%| O|  |TAMS 0x0000000702600000, 0x0000000702400000| Untracked 
|   7|0x0000000702600000, 0x0000000702800000, 0x0000000702800000|100%| O|  |TAMS 0x0000000702800000, 0x0000000702600000| Untracked 
|   8|0x0000000702800000, 0x0000000702a00000, 0x0000000702a00000|100%| O|  |TAMS 0x0000000702a00000, 0x0000000702800000| Untracked 
|   9|0x0000000702a00000, 0x0000000702c00000, 0x0000000702c00000|100%| O|  |TAMS 0x0000000702c00000, 0x0000000702a00000| Untracked 
|  10|0x0000000702c00000, 0x0000000702dffff0, 0x0000000702e00000| 99%| O|  |TAMS 0x0000000702dffff0, 0x0000000702c00000| Untracked 
|  11|0x0000000702e00000, 0x0000000702ffff30, 0x0000000703000000| 99%| O|  |TAMS 0x0000000702ffff30, 0x0000000702e00000| Untracked 
|  12|0x0000000703000000, 0x00000007031fffd0, 0x0000000703200000| 99%| O|  |TAMS 0x00000007031fffd0, 0x0000000703000000| Untracked 
|  13|0x0000000703200000, 0x00000007033fffe8, 0x0000000703400000| 99%| O|  |TAMS 0x00000007033fffe8, 0x0000000703200000| Untracked 
|  14|0x0000000703400000, 0x00000007035d3280, 0x0000000703600000| 91%| O|  |TAMS 0x0000000703400000, 0x0000000703400000| Untracked 
|  15|0x0000000703600000, 0x00000007037ffdd8, 0x0000000703800000| 99%| O|  |TAMS 0x00000007037ffdd8, 0x0000000703600000| Untracked 
|  16|0x0000000703800000, 0x00000007039ffff0, 0x0000000703a00000| 99%| O|  |TAMS 0x00000007039ffff0, 0x0000000703800000| Untracked 
|  17|0x0000000703a00000, 0x0000000703bffff8, 0x0000000703c00000| 99%| O|  |TAMS 0x0000000703bffff8, 0x0000000703a00000| Untracked 
|  18|0x0000000703c00000, 0x0000000703e00000, 0x0000000703e00000|100%|HS|  |TAMS 0x0000000703e00000, 0x0000000703c00000| Untracked 
|  19|0x0000000703e00000, 0x0000000704000000, 0x0000000704000000|100%|HC|  |TAMS 0x0000000704000000, 0x0000000703e00000| Untracked 
|  20|0x0000000704000000, 0x0000000704200000, 0x0000000704200000|100%|HC|  |TAMS 0x0000000704200000, 0x0000000704000000| Untracked 
|  21|0x0000000704200000, 0x0000000704400000, 0x0000000704400000|100%|HC|  |TAMS 0x0000000704400000, 0x0000000704200000| Untracked 
|  22|0x0000000704400000, 0x0000000704600000, 0x0000000704600000|100%|HC|  |TAMS 0x0000000704600000, 0x0000000704400000| Untracked 
|  23|0x0000000704600000, 0x0000000704800000, 0x0000000704800000|100%|HC|  |TAMS 0x0000000704800000, 0x0000000704600000| Untracked 
|  24|0x0000000704800000, 0x00000007049e6fd0, 0x0000000704a00000| 95%| O|  |TAMS 0x00000007049e6fd0, 0x0000000704800000| Untracked 
|  25|0x0000000704a00000, 0x0000000704bc91d8, 0x0000000704c00000| 89%| O|  |TAMS 0x0000000704a00000, 0x0000000704a00000| Untracked 
|  26|0x0000000704c00000, 0x0000000704dce428, 0x0000000704e00000| 90%| O|  |TAMS 0x0000000704c00000, 0x0000000704c00000| Untracked 
|  27|0x0000000704e00000, 0x0000000705000000, 0x0000000705000000|100%| O|  |TAMS 0x0000000705000000, 0x0000000704e00000| Untracked 
|  28|0x0000000705000000, 0x0000000705200000, 0x0000000705200000|100%|HS|  |TAMS 0x0000000705200000, 0x0000000705000000| Untracked 
|  29|0x0000000705200000, 0x0000000705400000, 0x0000000705400000|100%|HC|  |TAMS 0x0000000705400000, 0x0000000705200000| Untracked 
|  30|0x0000000705400000, 0x0000000705600000, 0x0000000705600000|100%|HC|  |TAMS 0x0000000705600000, 0x0000000705400000| Untracked 
|  31|0x0000000705600000, 0x0000000705800000, 0x0000000705800000|100%|HC|  |TAMS 0x0000000705800000, 0x0000000705600000| Untracked 
|  32|0x0000000705800000, 0x0000000705a00000, 0x0000000705a00000|100%|HC|  |TAMS 0x0000000705a00000, 0x0000000705800000| Untracked 
|  33|0x0000000705a00000, 0x0000000705c00000, 0x0000000705c00000|100%| O|  |TAMS 0x0000000705c00000, 0x0000000705a00000| Untracked 
|  34|0x0000000705c00000, 0x0000000705dfff80, 0x0000000705e00000| 99%| O|  |TAMS 0x0000000705dfff80, 0x0000000705c00000| Untracked 
|  35|0x0000000705e00000, 0x0000000705fffff0, 0x0000000706000000| 99%| O|  |TAMS 0x0000000705fffff0, 0x0000000705e00000| Untracked 
|  36|0x0000000706000000, 0x0000000706200000, 0x0000000706200000|100%| O|  |TAMS 0x0000000706200000, 0x0000000706000000| Untracked 
|  37|0x0000000706200000, 0x00000007063fe660, 0x0000000706400000| 99%| O|  |TAMS 0x00000007063fe660, 0x0000000706200000| Untracked 
|  38|0x0000000706400000, 0x00000007065ffff0, 0x0000000706600000| 99%| O|  |TAMS 0x00000007065ffff0, 0x0000000706400000| Untracked 
|  39|0x0000000706600000, 0x00000007067ff750, 0x0000000706800000| 99%| O|  |TAMS 0x00000007067ff750, 0x0000000706600000| Untracked 
|  40|0x0000000706800000, 0x000000070692c728, 0x0000000706a00000| 58%| O|  |TAMS 0x0000000706800000, 0x0000000706800000| Untracked 
|  41|0x0000000706a00000, 0x0000000706bdba68, 0x0000000706c00000| 92%| O|  |TAMS 0x0000000706a00000, 0x0000000706a00000| Untracked 
|  42|0x0000000706c00000, 0x0000000706e00000, 0x0000000706e00000|100%| O|  |TAMS 0x0000000706e00000, 0x0000000706c00000| Untracked 
|  43|0x0000000706e00000, 0x0000000706fffff8, 0x0000000707000000| 99%| O|  |TAMS 0x0000000706fffff8, 0x0000000706e00000| Untracked 
|  44|0x0000000707000000, 0x0000000707200000, 0x0000000707200000|100%| O|  |TAMS 0x0000000707200000, 0x0000000707000000| Untracked 
|  45|0x0000000707200000, 0x0000000707400000, 0x0000000707400000|100%| O|  |TAMS 0x0000000707400000, 0x0000000707200000| Untracked 
|  46|0x0000000707400000, 0x0000000707600000, 0x0000000707600000|100%| O|  |TAMS 0x0000000707600000, 0x0000000707400000| Untracked 
|  47|0x0000000707600000, 0x00000007077b7bb8, 0x0000000707800000| 85%| O|  |TAMS 0x0000000707600000, 0x0000000707600000| Untracked 
|  48|0x0000000707800000, 0x0000000707a00000, 0x0000000707a00000|100%| O|  |TAMS 0x0000000707a00000, 0x0000000707800000| Untracked 
|  49|0x0000000707a00000, 0x0000000707c00000, 0x0000000707c00000|100%| O|  |TAMS 0x0000000707c00000, 0x0000000707a00000| Untracked 
|  50|0x0000000707c00000, 0x0000000707d3f0c8, 0x0000000707e00000| 62%| O|  |TAMS 0x0000000707c00000, 0x0000000707c00000| Untracked 
|  51|0x0000000707e00000, 0x0000000708000000, 0x0000000708000000|100%| O|  |TAMS 0x0000000708000000, 0x0000000707e00000| Untracked 
|  52|0x0000000708000000, 0x0000000708200000, 0x0000000708200000|100%| O|  |TAMS 0x0000000708200000, 0x0000000708000000| Untracked 
|  53|0x0000000708200000, 0x0000000708400000, 0x0000000708400000|100%| O|  |TAMS 0x0000000708400000, 0x0000000708200000| Untracked 
|  54|0x0000000708400000, 0x00000007085fcbe8, 0x0000000708600000| 99%| O|  |TAMS 0x00000007085fcbe8, 0x0000000708400000| Untracked 
|  55|0x0000000708600000, 0x00000007087b8c30, 0x0000000708800000| 86%| O|  |TAMS 0x0000000708600000, 0x0000000708600000| Untracked 
|  56|0x0000000708800000, 0x0000000708a00000, 0x0000000708a00000|100%|HS|  |TAMS 0x0000000708a00000, 0x0000000708800000| Untracked 
|  57|0x0000000708a00000, 0x0000000708c00000, 0x0000000708c00000|100%|HC|  |TAMS 0x0000000708c00000, 0x0000000708a00000| Untracked 
|  58|0x0000000708c00000, 0x0000000708cfb138, 0x0000000708e00000| 49%| O|  |TAMS 0x0000000708c00000, 0x0000000708c00000| Untracked 
|  59|0x0000000708e00000, 0x0000000708fa8a68, 0x0000000709000000| 82%| O|  |TAMS 0x0000000708e00000, 0x0000000708e00000| Untracked 
|  60|0x0000000709000000, 0x000000070912ceb0, 0x0000000709200000| 58%| O|  |TAMS 0x0000000709000000, 0x0000000709000000| Untracked 
|  61|0x0000000709200000, 0x0000000709200000, 0x0000000709400000|  0%| F|  |TAMS 0x0000000709200000, 0x0000000709200000| Untracked 
|  62|0x0000000709400000, 0x0000000709400000, 0x0000000709600000|  0%| F|  |TAMS 0x0000000709400000, 0x0000000709400000| Untracked 
|  63|0x0000000709600000, 0x0000000709600000, 0x0000000709800000|  0%| F|  |TAMS 0x0000000709600000, 0x0000000709600000| Untracked 
|  64|0x0000000709800000, 0x0000000709800000, 0x0000000709a00000|  0%| F|  |TAMS 0x0000000709800000, 0x0000000709800000| Untracked 
|  65|0x0000000709a00000, 0x0000000709b2ebc0, 0x0000000709c00000| 59%| O|  |TAMS 0x0000000709a00000, 0x0000000709a00000| Untracked 
|  66|0x0000000709c00000, 0x0000000709c00000, 0x0000000709e00000|  0%| F|  |TAMS 0x0000000709c00000, 0x0000000709c00000| Untracked 
|  67|0x0000000709e00000, 0x0000000709e00000, 0x000000070a000000|  0%| F|  |TAMS 0x0000000709e00000, 0x0000000709e00000| Untracked 
|  68|0x000000070a000000, 0x000000070a000000, 0x000000070a200000|  0%| F|  |TAMS 0x000000070a000000, 0x000000070a000000| Untracked 
|  69|0x000000070a200000, 0x000000070a400000, 0x000000070a400000|100%|HS|  |TAMS 0x000000070a400000, 0x000000070a200000| Untracked 
|  70|0x000000070a400000, 0x000000070a600000, 0x000000070a600000|100%|HC|  |TAMS 0x000000070a600000, 0x000000070a400000| Untracked 
|  71|0x000000070a600000, 0x000000070a600000, 0x000000070a800000|  0%| F|  |TAMS 0x000000070a600000, 0x000000070a600000| Untracked 
|  72|0x000000070a800000, 0x000000070a800000, 0x000000070aa00000|  0%| F|  |TAMS 0x000000070a800000, 0x000000070a800000| Untracked 
|  73|0x000000070aa00000, 0x000000070aa00000, 0x000000070ac00000|  0%| F|  |TAMS 0x000000070aa00000, 0x000000070aa00000| Untracked 
|  74|0x000000070ac00000, 0x000000070ac00000, 0x000000070ae00000|  0%| F|  |TAMS 0x000000070ac00000, 0x000000070ac00000| Untracked 
|  75|0x000000070ae00000, 0x000000070ae00000, 0x000000070b000000|  0%| F|  |TAMS 0x000000070ae00000, 0x000000070ae00000| Untracked 
|  76|0x000000070b000000, 0x000000070b000000, 0x000000070b200000|  0%| F|  |TAMS 0x000000070b000000, 0x000000070b000000| Untracked 
|  77|0x000000070b200000, 0x000000070b200000, 0x000000070b400000|  0%| F|  |TAMS 0x000000070b200000, 0x000000070b200000| Untracked 
|  78|0x000000070b400000, 0x000000070b400000, 0x000000070b600000|  0%| F|  |TAMS 0x000000070b400000, 0x000000070b400000| Untracked 
|  79|0x000000070b600000, 0x000000070b600000, 0x000000070b800000|  0%| F|  |TAMS 0x000000070b600000, 0x000000070b600000| Untracked 
|  80|0x000000070b800000, 0x000000070b800000, 0x000000070ba00000|  0%| F|  |TAMS 0x000000070b800000, 0x000000070b800000| Untracked 
|  81|0x000000070ba00000, 0x000000070ba00000, 0x000000070bc00000|  0%| F|  |TAMS 0x000000070ba00000, 0x000000070ba00000| Untracked 
|  82|0x000000070bc00000, 0x000000070bc00000, 0x000000070be00000|  0%| F|  |TAMS 0x000000070bc00000, 0x000000070bc00000| Untracked 
|  83|0x000000070be00000, 0x000000070be00000, 0x000000070c000000|  0%| F|  |TAMS 0x000000070be00000, 0x000000070be00000| Untracked 
|  84|0x000000070c000000, 0x000000070c000000, 0x000000070c200000|  0%| F|  |TAMS 0x000000070c000000, 0x000000070c000000| Untracked 
|  85|0x000000070c200000, 0x000000070c200000, 0x000000070c400000|  0%| F|  |TAMS 0x000000070c200000, 0x000000070c200000| Untracked 
|  86|0x000000070c400000, 0x000000070c400000, 0x000000070c600000|  0%| F|  |TAMS 0x000000070c400000, 0x000000070c400000| Untracked 
|  87|0x000000070c600000, 0x000000070c600000, 0x000000070c800000|  0%| F|  |TAMS 0x000000070c600000, 0x000000070c600000| Untracked 
|  88|0x000000070c800000, 0x000000070c800000, 0x000000070ca00000|  0%| F|  |TAMS 0x000000070c800000, 0x000000070c800000| Untracked 
|  89|0x000000070ca00000, 0x000000070ca00000, 0x000000070cc00000|  0%| F|  |TAMS 0x000000070ca00000, 0x000000070ca00000| Untracked 
|  90|0x000000070cc00000, 0x000000070cc00000, 0x000000070ce00000|  0%| F|  |TAMS 0x000000070cc00000, 0x000000070cc00000| Untracked 
|  91|0x000000070ce00000, 0x000000070ce00000, 0x000000070d000000|  0%| F|  |TAMS 0x000000070ce00000, 0x000000070ce00000| Untracked 
|  92|0x000000070d000000, 0x000000070d000000, 0x000000070d200000|  0%| F|  |TAMS 0x000000070d000000, 0x000000070d000000| Untracked 
|  93|0x000000070d200000, 0x000000070d200000, 0x000000070d400000|  0%| F|  |TAMS 0x000000070d200000, 0x000000070d200000| Untracked 
|  94|0x000000070d400000, 0x000000070d400000, 0x000000070d600000|  0%| F|  |TAMS 0x000000070d400000, 0x000000070d400000| Untracked 
|  95|0x000000070d600000, 0x000000070d600000, 0x000000070d800000|  0%| F|  |TAMS 0x000000070d600000, 0x000000070d600000| Untracked 
|  96|0x000000070d800000, 0x000000070d800000, 0x000000070da00000|  0%| F|  |TAMS 0x000000070d800000, 0x000000070d800000| Untracked 
|  97|0x000000070da00000, 0x000000070da00000, 0x000000070dc00000|  0%| F|  |TAMS 0x000000070da00000, 0x000000070da00000| Untracked 
|  98|0x000000070dc00000, 0x000000070dc00000, 0x000000070de00000|  0%| F|  |TAMS 0x000000070dc00000, 0x000000070dc00000| Untracked 
|  99|0x000000070de00000, 0x000000070de00000, 0x000000070e000000|  0%| F|  |TAMS 0x000000070de00000, 0x000000070de00000| Untracked 
| 100|0x000000070e000000, 0x000000070e000000, 0x000000070e200000|  0%| F|  |TAMS 0x000000070e000000, 0x000000070e000000| Untracked 
| 101|0x000000070e200000, 0x000000070e200000, 0x000000070e400000|  0%| F|  |TAMS 0x000000070e200000, 0x000000070e200000| Untracked 
| 102|0x000000070e400000, 0x000000070e400000, 0x000000070e600000|  0%| F|  |TAMS 0x000000070e400000, 0x000000070e400000| Untracked 
| 103|0x000000070e600000, 0x000000070e600000, 0x000000070e800000|  0%| F|  |TAMS 0x000000070e600000, 0x000000070e600000| Untracked 
| 104|0x000000070e800000, 0x000000070e800000, 0x000000070ea00000|  0%| F|  |TAMS 0x000000070e800000, 0x000000070e800000| Untracked 
| 105|0x000000070ea00000, 0x000000070ea00000, 0x000000070ec00000|  0%| F|  |TAMS 0x000000070ea00000, 0x000000070ea00000| Untracked 
| 106|0x000000070ec00000, 0x000000070ec00000, 0x000000070ee00000|  0%| F|  |TAMS 0x000000070ec00000, 0x000000070ec00000| Untracked 
| 107|0x000000070ee00000, 0x000000070ee00000, 0x000000070f000000|  0%| F|  |TAMS 0x000000070ee00000, 0x000000070ee00000| Untracked 
| 108|0x000000070f000000, 0x000000070f000000, 0x000000070f200000|  0%| F|  |TAMS 0x000000070f000000, 0x000000070f000000| Untracked 
| 109|0x000000070f200000, 0x000000070f200000, 0x000000070f400000|  0%| F|  |TAMS 0x000000070f200000, 0x000000070f200000| Untracked 
| 110|0x000000070f400000, 0x000000070f400000, 0x000000070f600000|  0%| F|  |TAMS 0x000000070f400000, 0x000000070f400000| Untracked 
| 111|0x000000070f600000, 0x000000070f600000, 0x000000070f800000|  0%| F|  |TAMS 0x000000070f600000, 0x000000070f600000| Untracked 
| 112|0x000000070f800000, 0x000000070f800000, 0x000000070fa00000|  0%| F|  |TAMS 0x000000070f800000, 0x000000070f800000| Untracked 
| 113|0x000000070fa00000, 0x000000070fa00000, 0x000000070fc00000|  0%| F|  |TAMS 0x000000070fa00000, 0x000000070fa00000| Untracked 
| 114|0x000000070fc00000, 0x000000070fc00000, 0x000000070fe00000|  0%| F|  |TAMS 0x000000070fc00000, 0x000000070fc00000| Untracked 
| 115|0x000000070fe00000, 0x000000070fe00000, 0x0000000710000000|  0%| F|  |TAMS 0x000000070fe00000, 0x000000070fe00000| Untracked 
| 116|0x0000000710000000, 0x0000000710000000, 0x0000000710200000|  0%| F|  |TAMS 0x0000000710000000, 0x0000000710000000| Untracked 
| 117|0x0000000710200000, 0x0000000710200000, 0x0000000710400000|  0%| F|  |TAMS 0x0000000710200000, 0x0000000710200000| Untracked 
| 118|0x0000000710400000, 0x0000000710400000, 0x0000000710600000|  0%| F|  |TAMS 0x0000000710400000, 0x0000000710400000| Untracked 
| 119|0x0000000710600000, 0x0000000710600000, 0x0000000710800000|  0%| F|  |TAMS 0x0000000710600000, 0x0000000710600000| Untracked 
| 120|0x0000000710800000, 0x0000000710800000, 0x0000000710a00000|  0%| F|  |TAMS 0x0000000710800000, 0x0000000710800000| Untracked 
| 121|0x0000000710a00000, 0x0000000710a00000, 0x0000000710c00000|  0%| F|  |TAMS 0x0000000710a00000, 0x0000000710a00000| Untracked 
| 122|0x0000000710c00000, 0x0000000710c00000, 0x0000000710e00000|  0%| F|  |TAMS 0x0000000710c00000, 0x0000000710c00000| Untracked 
| 123|0x0000000710e00000, 0x0000000710e00000, 0x0000000711000000|  0%| F|  |TAMS 0x0000000710e00000, 0x0000000710e00000| Untracked 
| 124|0x0000000711000000, 0x0000000711000000, 0x0000000711200000|  0%| F|  |TAMS 0x0000000711000000, 0x0000000711000000| Untracked 
| 125|0x0000000711200000, 0x0000000711200000, 0x0000000711400000|  0%| F|  |TAMS 0x0000000711200000, 0x0000000711200000| Untracked 
| 126|0x0000000711400000, 0x0000000711400000, 0x0000000711600000|  0%| F|  |TAMS 0x0000000711400000, 0x0000000711400000| Untracked 
| 127|0x0000000711600000, 0x0000000711600000, 0x0000000711800000|  0%| F|  |TAMS 0x0000000711600000, 0x0000000711600000| Untracked 
| 128|0x0000000711800000, 0x0000000711800000, 0x0000000711a00000|  0%| F|  |TAMS 0x0000000711800000, 0x0000000711800000| Untracked 
| 129|0x0000000711a00000, 0x0000000711a00000, 0x0000000711c00000|  0%| F|  |TAMS 0x0000000711a00000, 0x0000000711a00000| Untracked 
| 130|0x0000000711c00000, 0x0000000711c00000, 0x0000000711e00000|  0%| F|  |TAMS 0x0000000711c00000, 0x0000000711c00000| Untracked 
| 131|0x0000000711e00000, 0x0000000711e00000, 0x0000000712000000|  0%| F|  |TAMS 0x0000000711e00000, 0x0000000711e00000| Untracked 
| 132|0x0000000712000000, 0x0000000712000000, 0x0000000712200000|  0%| F|  |TAMS 0x0000000712000000, 0x0000000712000000| Untracked 
| 133|0x0000000712200000, 0x0000000712200000, 0x0000000712400000|  0%| F|  |TAMS 0x0000000712200000, 0x0000000712200000| Untracked 
| 134|0x0000000712400000, 0x0000000712400000, 0x0000000712600000|  0%| F|  |TAMS 0x0000000712400000, 0x0000000712400000| Untracked 
| 135|0x0000000712600000, 0x0000000712600000, 0x0000000712800000|  0%| F|  |TAMS 0x0000000712600000, 0x0000000712600000| Untracked 
| 136|0x0000000712800000, 0x0000000712800000, 0x0000000712a00000|  0%| F|  |TAMS 0x0000000712800000, 0x0000000712800000| Untracked 
| 137|0x0000000712a00000, 0x0000000712a00000, 0x0000000712c00000|  0%| F|  |TAMS 0x0000000712a00000, 0x0000000712a00000| Untracked 
| 138|0x0000000712c00000, 0x0000000712c00000, 0x0000000712e00000|  0%| F|  |TAMS 0x0000000712c00000, 0x0000000712c00000| Untracked 
| 139|0x0000000712e00000, 0x0000000712e00000, 0x0000000713000000|  0%| F|  |TAMS 0x0000000712e00000, 0x0000000712e00000| Untracked 
| 140|0x0000000713000000, 0x0000000713000000, 0x0000000713200000|  0%| F|  |TAMS 0x0000000713000000, 0x0000000713000000| Untracked 
| 141|0x0000000713200000, 0x0000000713200000, 0x0000000713400000|  0%| F|  |TAMS 0x0000000713200000, 0x0000000713200000| Untracked 
| 142|0x0000000713400000, 0x0000000713400000, 0x0000000713600000|  0%| F|  |TAMS 0x0000000713400000, 0x0000000713400000| Untracked 
| 143|0x0000000713600000, 0x0000000713600000, 0x0000000713800000|  0%| F|  |TAMS 0x0000000713600000, 0x0000000713600000| Untracked 
| 144|0x0000000713800000, 0x0000000713800000, 0x0000000713a00000|  0%| F|  |TAMS 0x0000000713800000, 0x0000000713800000| Untracked 
| 145|0x0000000713a00000, 0x0000000713a00000, 0x0000000713c00000|  0%| F|  |TAMS 0x0000000713a00000, 0x0000000713a00000| Untracked 
| 146|0x0000000713c00000, 0x0000000713c00000, 0x0000000713e00000|  0%| F|  |TAMS 0x0000000713c00000, 0x0000000713c00000| Untracked 
| 147|0x0000000713e00000, 0x0000000713e00000, 0x0000000714000000|  0%| F|  |TAMS 0x0000000713e00000, 0x0000000713e00000| Untracked 
| 148|0x0000000714000000, 0x0000000714000000, 0x0000000714200000|  0%| F|  |TAMS 0x0000000714000000, 0x0000000714000000| Untracked 
| 149|0x0000000714200000, 0x0000000714200000, 0x0000000714400000|  0%| F|  |TAMS 0x0000000714200000, 0x0000000714200000| Untracked 
| 150|0x0000000714400000, 0x0000000714400000, 0x0000000714600000|  0%| F|  |TAMS 0x0000000714400000, 0x0000000714400000| Untracked 
| 151|0x0000000714600000, 0x0000000714600000, 0x0000000714800000|  0%| F|  |TAMS 0x0000000714600000, 0x0000000714600000| Untracked 
| 152|0x0000000714800000, 0x0000000714800000, 0x0000000714a00000|  0%| F|  |TAMS 0x0000000714800000, 0x0000000714800000| Untracked 
| 153|0x0000000714a00000, 0x0000000714a00000, 0x0000000714c00000|  0%| F|  |TAMS 0x0000000714a00000, 0x0000000714a00000| Untracked 
| 154|0x0000000714c00000, 0x0000000714c00000, 0x0000000714e00000|  0%| F|  |TAMS 0x0000000714c00000, 0x0000000714c00000| Untracked 
| 155|0x0000000714e00000, 0x0000000714e00000, 0x0000000715000000|  0%| F|  |TAMS 0x0000000714e00000, 0x0000000714e00000| Untracked 
| 156|0x0000000715000000, 0x0000000715000000, 0x0000000715200000|  0%| F|  |TAMS 0x0000000715000000, 0x0000000715000000| Untracked 
| 157|0x0000000715200000, 0x0000000715200000, 0x0000000715400000|  0%| F|  |TAMS 0x0000000715200000, 0x0000000715200000| Untracked 
| 158|0x0000000715400000, 0x0000000715400000, 0x0000000715600000|  0%| F|  |TAMS 0x0000000715400000, 0x0000000715400000| Untracked 
| 159|0x0000000715600000, 0x0000000715600000, 0x0000000715800000|  0%| F|  |TAMS 0x0000000715600000, 0x0000000715600000| Untracked 
| 160|0x0000000715800000, 0x0000000715800000, 0x0000000715a00000|  0%| F|  |TAMS 0x0000000715800000, 0x0000000715800000| Untracked 
| 161|0x0000000715a00000, 0x0000000715a00000, 0x0000000715c00000|  0%| F|  |TAMS 0x0000000715a00000, 0x0000000715a00000| Untracked 
| 162|0x0000000715c00000, 0x0000000715c00000, 0x0000000715e00000|  0%| F|  |TAMS 0x0000000715c00000, 0x0000000715c00000| Untracked 
| 163|0x0000000715e00000, 0x0000000715e00000, 0x0000000716000000|  0%| F|  |TAMS 0x0000000715e00000, 0x0000000715e00000| Untracked 
| 164|0x0000000716000000, 0x0000000716000000, 0x0000000716200000|  0%| F|  |TAMS 0x0000000716000000, 0x0000000716000000| Untracked 
| 165|0x0000000716200000, 0x0000000716200000, 0x0000000716400000|  0%| F|  |TAMS 0x0000000716200000, 0x0000000716200000| Untracked 
| 166|0x0000000716400000, 0x0000000716400000, 0x0000000716600000|  0%| F|  |TAMS 0x0000000716400000, 0x0000000716400000| Untracked 
| 167|0x0000000716600000, 0x0000000716600000, 0x0000000716800000|  0%| F|  |TAMS 0x0000000716600000, 0x0000000716600000| Untracked 
| 168|0x0000000716800000, 0x0000000716800000, 0x0000000716a00000|  0%| F|  |TAMS 0x0000000716800000, 0x0000000716800000| Untracked 
| 169|0x0000000716a00000, 0x0000000716a00000, 0x0000000716c00000|  0%| F|  |TAMS 0x0000000716a00000, 0x0000000716a00000| Untracked 
| 170|0x0000000716c00000, 0x0000000716c00000, 0x0000000716e00000|  0%| F|  |TAMS 0x0000000716c00000, 0x0000000716c00000| Untracked 
| 171|0x0000000716e00000, 0x0000000716e00000, 0x0000000717000000|  0%| F|  |TAMS 0x0000000716e00000, 0x0000000716e00000| Untracked 
| 172|0x0000000717000000, 0x0000000717000000, 0x0000000717200000|  0%| F|  |TAMS 0x0000000717000000, 0x0000000717000000| Untracked 
| 173|0x0000000717200000, 0x0000000717200000, 0x0000000717400000|  0%| F|  |TAMS 0x0000000717200000, 0x0000000717200000| Untracked 
| 174|0x0000000717400000, 0x0000000717400000, 0x0000000717600000|  0%| F|  |TAMS 0x0000000717400000, 0x0000000717400000| Untracked 
| 175|0x0000000717600000, 0x0000000717600000, 0x0000000717800000|  0%| F|  |TAMS 0x0000000717600000, 0x0000000717600000| Untracked 
| 176|0x0000000717800000, 0x0000000717800000, 0x0000000717a00000|  0%| F|  |TAMS 0x0000000717800000, 0x0000000717800000| Untracked 
| 177|0x0000000717a00000, 0x0000000717a00000, 0x0000000717c00000|  0%| F|  |TAMS 0x0000000717a00000, 0x0000000717a00000| Untracked 
| 178|0x0000000717c00000, 0x0000000717c00000, 0x0000000717e00000|  0%| F|  |TAMS 0x0000000717c00000, 0x0000000717c00000| Untracked 
| 179|0x0000000717e00000, 0x0000000717e00000, 0x0000000718000000|  0%| F|  |TAMS 0x0000000717e00000, 0x0000000717e00000| Untracked 
| 180|0x0000000718000000, 0x0000000718000000, 0x0000000718200000|  0%| F|  |TAMS 0x0000000718000000, 0x0000000718000000| Untracked 
| 181|0x0000000718200000, 0x0000000718200000, 0x0000000718400000|  0%| F|  |TAMS 0x0000000718200000, 0x0000000718200000| Untracked 
| 182|0x0000000718400000, 0x0000000718400000, 0x0000000718600000|  0%| F|  |TAMS 0x0000000718400000, 0x0000000718400000| Untracked 
| 183|0x0000000718600000, 0x0000000718600000, 0x0000000718800000|  0%| F|  |TAMS 0x0000000718600000, 0x0000000718600000| Untracked 
| 184|0x0000000718800000, 0x0000000718800000, 0x0000000718a00000|  0%| F|  |TAMS 0x0000000718800000, 0x0000000718800000| Untracked 
| 185|0x0000000718a00000, 0x0000000718a00000, 0x0000000718c00000|  0%| F|  |TAMS 0x0000000718a00000, 0x0000000718a00000| Untracked 
| 186|0x0000000718c00000, 0x0000000718c00000, 0x0000000718e00000|  0%| F|  |TAMS 0x0000000718c00000, 0x0000000718c00000| Untracked 
| 187|0x0000000718e00000, 0x0000000718e00000, 0x0000000719000000|  0%| F|  |TAMS 0x0000000718e00000, 0x0000000718e00000| Untracked 
| 188|0x0000000719000000, 0x0000000719000000, 0x0000000719200000|  0%| F|  |TAMS 0x0000000719000000, 0x0000000719000000| Untracked 
| 189|0x0000000719200000, 0x0000000719200000, 0x0000000719400000|  0%| F|  |TAMS 0x0000000719200000, 0x0000000719200000| Untracked 
| 190|0x0000000719400000, 0x0000000719400000, 0x0000000719600000|  0%| F|  |TAMS 0x0000000719400000, 0x0000000719400000| Untracked 
| 191|0x0000000719600000, 0x0000000719600000, 0x0000000719800000|  0%| F|  |TAMS 0x0000000719600000, 0x0000000719600000| Untracked 
| 192|0x0000000719800000, 0x0000000719800000, 0x0000000719a00000|  0%| F|  |TAMS 0x0000000719800000, 0x0000000719800000| Untracked 
| 193|0x0000000719a00000, 0x0000000719a00000, 0x0000000719c00000|  0%| F|  |TAMS 0x0000000719a00000, 0x0000000719a00000| Untracked 
| 194|0x0000000719c00000, 0x0000000719c00000, 0x0000000719e00000|  0%| F|  |TAMS 0x0000000719c00000, 0x0000000719c00000| Untracked 
| 195|0x0000000719e00000, 0x0000000719e00000, 0x000000071a000000|  0%| F|  |TAMS 0x0000000719e00000, 0x0000000719e00000| Untracked 
| 196|0x000000071a000000, 0x000000071a000000, 0x000000071a200000|  0%| F|  |TAMS 0x000000071a000000, 0x000000071a000000| Untracked 
| 197|0x000000071a200000, 0x000000071a200000, 0x000000071a400000|  0%| F|  |TAMS 0x000000071a200000, 0x000000071a200000| Untracked 
| 198|0x000000071a400000, 0x000000071a400000, 0x000000071a600000|  0%| F|  |TAMS 0x000000071a400000, 0x000000071a400000| Untracked 
| 199|0x000000071a600000, 0x000000071a600000, 0x000000071a800000|  0%| F|  |TAMS 0x000000071a600000, 0x000000071a600000| Untracked 
| 200|0x000000071a800000, 0x000000071a800000, 0x000000071aa00000|  0%| F|  |TAMS 0x000000071a800000, 0x000000071a800000| Untracked 
| 201|0x000000071aa00000, 0x000000071aa00000, 0x000000071ac00000|  0%| F|  |TAMS 0x000000071aa00000, 0x000000071aa00000| Untracked 
| 202|0x000000071ac00000, 0x000000071ac00000, 0x000000071ae00000|  0%| F|  |TAMS 0x000000071ac00000, 0x000000071ac00000| Untracked 
| 203|0x000000071ae00000, 0x000000071ae00000, 0x000000071b000000|  0%| F|  |TAMS 0x000000071ae00000, 0x000000071ae00000| Untracked 
| 204|0x000000071b000000, 0x000000071b000000, 0x000000071b200000|  0%| F|  |TAMS 0x000000071b000000, 0x000000071b000000| Untracked 
| 205|0x000000071b200000, 0x000000071b200000, 0x000000071b400000|  0%| F|  |TAMS 0x000000071b200000, 0x000000071b200000| Untracked 
| 206|0x000000071b400000, 0x000000071b400000, 0x000000071b600000|  0%| F|  |TAMS 0x000000071b400000, 0x000000071b400000| Untracked 
| 207|0x000000071b600000, 0x000000071b600000, 0x000000071b800000|  0%| F|  |TAMS 0x000000071b600000, 0x000000071b600000| Untracked 
| 208|0x000000071b800000, 0x000000071b800000, 0x000000071ba00000|  0%| F|  |TAMS 0x000000071b800000, 0x000000071b800000| Untracked 
| 209|0x000000071ba00000, 0x000000071ba00000, 0x000000071bc00000|  0%| F|  |TAMS 0x000000071ba00000, 0x000000071ba00000| Untracked 
| 210|0x000000071bc00000, 0x000000071bc00000, 0x000000071be00000|  0%| F|  |TAMS 0x000000071bc00000, 0x000000071bc00000| Untracked 
| 211|0x000000071be00000, 0x000000071be00000, 0x000000071c000000|  0%| F|  |TAMS 0x000000071be00000, 0x000000071be00000| Untracked 
| 212|0x000000071c000000, 0x000000071c000000, 0x000000071c200000|  0%| F|  |TAMS 0x000000071c000000, 0x000000071c000000| Untracked 
| 213|0x000000071c200000, 0x000000071c200000, 0x000000071c400000|  0%| F|  |TAMS 0x000000071c200000, 0x000000071c200000| Untracked 
| 214|0x000000071c400000, 0x000000071c400000, 0x000000071c600000|  0%| F|  |TAMS 0x000000071c400000, 0x000000071c400000| Untracked 
| 215|0x000000071c600000, 0x000000071c600000, 0x000000071c800000|  0%| F|  |TAMS 0x000000071c600000, 0x000000071c600000| Untracked 
| 216|0x000000071c800000, 0x000000071c800000, 0x000000071ca00000|  0%| F|  |TAMS 0x000000071c800000, 0x000000071c800000| Untracked 
| 217|0x000000071ca00000, 0x000000071ca00000, 0x000000071cc00000|  0%| F|  |TAMS 0x000000071ca00000, 0x000000071ca00000| Untracked 
| 218|0x000000071cc00000, 0x000000071cc00000, 0x000000071ce00000|  0%| F|  |TAMS 0x000000071cc00000, 0x000000071cc00000| Untracked 
| 219|0x000000071ce00000, 0x000000071ce00000, 0x000000071d000000|  0%| F|  |TAMS 0x000000071ce00000, 0x000000071ce00000| Untracked 
| 220|0x000000071d000000, 0x000000071d000000, 0x000000071d200000|  0%| F|  |TAMS 0x000000071d000000, 0x000000071d000000| Untracked 
| 221|0x000000071d200000, 0x000000071d200000, 0x000000071d400000|  0%| F|  |TAMS 0x000000071d200000, 0x000000071d200000| Untracked 
| 222|0x000000071d400000, 0x000000071d400000, 0x000000071d600000|  0%| F|  |TAMS 0x000000071d400000, 0x000000071d400000| Untracked 
| 223|0x000000071d600000, 0x000000071d600000, 0x000000071d800000|  0%| F|  |TAMS 0x000000071d600000, 0x000000071d600000| Untracked 
| 224|0x000000071d800000, 0x000000071d800000, 0x000000071da00000|  0%| F|  |TAMS 0x000000071d800000, 0x000000071d800000| Untracked 
| 225|0x000000071da00000, 0x000000071da00000, 0x000000071dc00000|  0%| F|  |TAMS 0x000000071da00000, 0x000000071da00000| Untracked 
| 226|0x000000071dc00000, 0x000000071dc00000, 0x000000071de00000|  0%| F|  |TAMS 0x000000071dc00000, 0x000000071dc00000| Untracked 
| 227|0x000000071de00000, 0x000000071de00000, 0x000000071e000000|  0%| F|  |TAMS 0x000000071de00000, 0x000000071de00000| Untracked 
| 228|0x000000071e000000, 0x000000071e000000, 0x000000071e200000|  0%| F|  |TAMS 0x000000071e000000, 0x000000071e000000| Untracked 
| 229|0x000000071e200000, 0x000000071e200000, 0x000000071e400000|  0%| F|  |TAMS 0x000000071e200000, 0x000000071e200000| Untracked 
| 230|0x000000071e400000, 0x000000071e400000, 0x000000071e600000|  0%| F|  |TAMS 0x000000071e400000, 0x000000071e400000| Untracked 
| 231|0x000000071e600000, 0x000000071e600000, 0x000000071e800000|  0%| F|  |TAMS 0x000000071e600000, 0x000000071e600000| Untracked 
| 232|0x000000071e800000, 0x000000071e800000, 0x000000071ea00000|  0%| F|  |TAMS 0x000000071e800000, 0x000000071e800000| Untracked 
| 233|0x000000071ea00000, 0x000000071ea00000, 0x000000071ec00000|  0%| F|  |TAMS 0x000000071ea00000, 0x000000071ea00000| Untracked 
| 234|0x000000071ec00000, 0x000000071ec00000, 0x000000071ee00000|  0%| F|  |TAMS 0x000000071ec00000, 0x000000071ec00000| Untracked 
| 235|0x000000071ee00000, 0x000000071ee00000, 0x000000071f000000|  0%| F|  |TAMS 0x000000071ee00000, 0x000000071ee00000| Untracked 
| 236|0x000000071f000000, 0x000000071f000000, 0x000000071f200000|  0%| F|  |TAMS 0x000000071f000000, 0x000000071f000000| Untracked 
| 237|0x000000071f200000, 0x000000071f200000, 0x000000071f400000|  0%| F|  |TAMS 0x000000071f200000, 0x000000071f200000| Untracked 
| 238|0x000000071f400000, 0x000000071f400000, 0x000000071f600000|  0%| F|  |TAMS 0x000000071f400000, 0x000000071f400000| Untracked 
| 239|0x000000071f600000, 0x000000071f600000, 0x000000071f800000|  0%| F|  |TAMS 0x000000071f600000, 0x000000071f600000| Untracked 
| 240|0x000000071f800000, 0x000000071f800000, 0x000000071fa00000|  0%| F|  |TAMS 0x000000071f800000, 0x000000071f800000| Untracked 
| 241|0x000000071fa00000, 0x000000071fa00000, 0x000000071fc00000|  0%| F|  |TAMS 0x000000071fa00000, 0x000000071fa00000| Untracked 
| 242|0x000000071fc00000, 0x000000071fc00000, 0x000000071fe00000|  0%| F|  |TAMS 0x000000071fc00000, 0x000000071fc00000| Untracked 
| 243|0x000000071fe00000, 0x000000071fe10288, 0x0000000720000000|  3%| E|  |TAMS 0x000000071fe00000, 0x000000071fe00000| Complete 
| 244|0x0000000720000000, 0x0000000720200000, 0x0000000720200000|100%| E|CS|TAMS 0x0000000720000000, 0x0000000720000000| Complete 
| 245|0x0000000720200000, 0x0000000720400000, 0x0000000720400000|100%| E|CS|TAMS 0x0000000720200000, 0x0000000720200000| Complete 
| 246|0x0000000720400000, 0x0000000720600000, 0x0000000720600000|100%| E|CS|TAMS 0x0000000720400000, 0x0000000720400000| Complete 
| 247|0x0000000720600000, 0x0000000720800000, 0x0000000720800000|100%| E|CS|TAMS 0x0000000720600000, 0x0000000720600000| Complete 
| 248|0x0000000720800000, 0x0000000720a00000, 0x0000000720a00000|100%| E|CS|TAMS 0x0000000720800000, 0x0000000720800000| Complete 
| 249|0x0000000720a00000, 0x0000000720c00000, 0x0000000720c00000|100%| E|CS|TAMS 0x0000000720a00000, 0x0000000720a00000| Complete 
| 250|0x0000000720c00000, 0x0000000720e00000, 0x0000000720e00000|100%| E|CS|TAMS 0x0000000720c00000, 0x0000000720c00000| Complete 
| 251|0x0000000720e00000, 0x0000000721000000, 0x0000000721000000|100%| E|CS|TAMS 0x0000000720e00000, 0x0000000720e00000| Complete 
| 252|0x0000000721000000, 0x0000000721200000, 0x0000000721200000|100%| E|CS|TAMS 0x0000000721000000, 0x0000000721000000| Complete 
| 253|0x0000000721200000, 0x0000000721400000, 0x0000000721400000|100%| E|CS|TAMS 0x0000000721200000, 0x0000000721200000| Complete 
| 254|0x0000000721400000, 0x0000000721600000, 0x0000000721600000|100%| E|CS|TAMS 0x0000000721400000, 0x0000000721400000| Complete 
| 255|0x0000000721600000, 0x0000000721800000, 0x0000000721800000|100%| E|CS|TAMS 0x0000000721600000, 0x0000000721600000| Complete 

Card table byte_map: [0x000001fc1dcb0000,0x000001fc1e4b0000] _byte_map_base: 0x000001fc1a4a4000

Marking Bits (Prev, Next): (CMBitMap*) 0x000001fc05477900, (CMBitMap*) 0x000001fc054778c0
 Prev Bits: [0x000001fc22c50000, 0x000001fc26bf0000)
 Next Bits: [0x000001fc1ecb0000, 0x000001fc22c50000)

Polling page: 0x000001fc00220000

Metaspace:

Usage:
  Non-class:     82.25 MB used.
      Class:     14.15 MB used.
       Both:     96.40 MB used.

Virtual space:
  Non-class space:      128.00 MB reserved,      82.56 MB ( 65%) committed,  2 nodes.
      Class space:        1.00 GB reserved,      14.44 MB (  1%) committed,  1 nodes.
             Both:        1.12 GB reserved,      97.00 MB (  8%) committed. 

Chunk freelists:
   Non-Class:  13.39 MB
       Class:  1.39 MB
        Both:  14.78 MB

MaxMetaspaceSize: unlimited
CompressedClassSpaceSize: 1.00 GB
Initial GC threshold: 21.00 MB
Current GC threshold: 161.38 MB
CDS: on
MetaspaceReclaimPolicy: balanced
 - commit_granule_bytes: 65536.
 - commit_granule_words: 8192.
 - virtual_space_node_default_size: 8388608.
 - enlarge_chunks_in_place: 1.
 - new_chunks_are_fully_committed: 0.
 - uncommit_free_chunks: 1.
 - use_allocation_guard: 0.
 - handle_deallocations: 1.


Internal statistics:

num_allocs_failed_limit: 6.
num_arena_births: 978.
num_arena_deaths: 0.
num_vsnodes_births: 3.
num_vsnodes_deaths: 0.
num_space_committed: 1546.
num_space_uncommitted: 0.
num_chunks_returned_to_freelist: 6.
num_chunks_taken_from_freelist: 3615.
num_chunk_merges: 3.
num_chunk_splits: 2775.
num_chunks_enlarged: 2207.
num_inconsistent_stats: 0.

CodeHeap 'non-profiled nmethods': size=119168Kb used=17345Kb max_used=17403Kb free=101822Kb
 bounds [0x000001fc154a0000, 0x000001fc165a0000, 0x000001fc1c900000]
CodeHeap 'profiled nmethods': size=119104Kb used=32090Kb max_used=33009Kb free=87013Kb
 bounds [0x000001fc0d900000, 0x000001fc0f950000, 0x000001fc14d50000]
CodeHeap 'non-nmethods': size=7488Kb used=1731Kb max_used=3492Kb free=5756Kb
 bounds [0x000001fc14d50000, 0x000001fc150d0000, 0x000001fc154a0000]
 total_blobs=16805 nmethods=15631 adapters=1084
 compilation: enabled
              stopped_count=0, restarted_count=0
 full_count=0

Compilation events (20 events):
Event: 220.378 Thread 0x000001fc057431f0 20919       3       ui.utils.swing.e.d::getItemAt (11 bytes)
Event: 220.378 Thread 0x000001fc057431f0 nmethod 20919 0x000001fc0eb5fd10 code [0x000001fc0eb5fec0, 0x000001fc0eb60128]
Event: 220.378 Thread 0x000001fc057431f0 20917       3       java.lang.String::subSequence (7 bytes)
Event: 220.378 Thread 0x000001fc057431f0 nmethod 20917 0x000001fc0ee66490 code [0x000001fc0ee66620, 0x000001fc0ee66768]
Event: 220.378 Thread 0x000001fc057431f0 20918   !   3       com.jidesoft.grid.TableUtils::a (47 bytes)
Event: 220.378 Thread 0x000001fc057431f0 nmethod 20918 0x000001fc0e702f90 code [0x000001fc0e703180, 0x000001fc0e703858]
Event: 220.378 Thread 0x000001fc057431f0 20920       3       ui.frmwork.aA::hlF (15 bytes)
Event: 220.381 Thread 0x000001fc057431f0 nmethod 20920 0x000001fc0decc110 code [0x000001fc0decc300, 0x000001fc0decc838]
Event: 220.381 Thread 0x000001fc057431f0 20922       3       ui.dlg.c.b.j::tableChanged (59 bytes)
Event: 220.384 Thread 0x000001fc057431f0 nmethod 20922 0x000001fc0ee78710 code [0x000001fc0ee78a00, 0x000001fc0ee79b48]
Event: 220.384 Thread 0x000001fc057431f0 20923       3       ui.utils.r::iuC (4 bytes)
Event: 220.384 Thread 0x000001fc057431f0 nmethod 20923 0x000001fc0d989d90 code [0x000001fc0d989f20, 0x000001fc0d98a018]
Event: 220.384 Thread 0x000001fc057431f0 20921       3       ui.frmwork.aA::hmB (47 bytes)
Event: 220.384 Thread 0x000001fc057431f0 nmethod 20921 0x000001fc0f419b90 code [0x000001fc0f419d80, 0x000001fc0f41a338]
Event: 220.413 Thread 0x000001fc057431f0 20925       1       com.jidesoft.swing.JideTabbedPane::access$000 (5 bytes)
Event: 220.413 Thread 0x000001fc057431f0 nmethod 20925 0x000001fc15b2d190 code [0x000001fc15b2d320, 0x000001fc15b2d3d8]
Event: 220.424 Thread 0x000001fc057431f0 20926       3       ui.utils.lnf.l::paint (47 bytes)
Event: 220.425 Thread 0x000001fc057431f0 nmethod 20926 0x000001fc0f14d590 code [0x000001fc0f14d760, 0x000001fc0f14db88]
Event: 220.429 Thread 0x000001fc057431f0 20927       3       com.jidesoft.editor.highlight.DefaultHighlighter::paint (209 bytes)
Event: 220.431 Thread 0x000001fc057431f0 nmethod 20927 0x000001fc0ef32990 code [0x000001fc0ef32c60, 0x000001fc0ef34398]

GC Heap History (20 events):
Event: 139.247 GC heap before
{Heap before GC invocations=37 (full 2):
 garbage-first heap   total 524288K, used 162901K [0x0000000701800000, 0x0000000800000000)
  region size 2048K, 40 young (81920K), 0 survivors (0K)
 Metaspace       used 84795K, committed 85440K, reserved 1179648K
  class space    used 11787K, committed 12096K, reserved 1048576K
}
Event: 139.252 GC heap after
{Heap after GC invocations=38 (full 2):
 garbage-first heap   total 524288K, used 96964K [0x0000000701800000, 0x0000000800000000)
  region size 2048K, 5 young (10240K), 5 survivors (10240K)
 Metaspace       used 84795K, committed 85440K, reserved 1179648K
  class space    used 11787K, committed 12096K, reserved 1048576K
}
Event: 139.697 GC heap before
{Heap before GC invocations=38 (full 2):
 garbage-first heap   total 524288K, used 168644K [0x0000000701800000, 0x0000000800000000)
  region size 2048K, 40 young (81920K), 5 survivors (10240K)
 Metaspace       used 89075K, committed 89664K, reserved 1179648K
  class space    used 12979K, committed 13248K, reserved 1048576K
}
Event: 139.702 GC heap after
{Heap after GC invocations=39 (full 2):
 garbage-first heap   total 524288K, used 106332K [0x0000000701800000, 0x0000000800000000)
  region size 2048K, 5 young (10240K), 5 survivors (10240K)
 Metaspace       used 89075K, committed 89664K, reserved 1179648K
  class space    used 12979K, committed 13248K, reserved 1048576K
}
Event: 140.019 GC heap before
{Heap before GC invocations=39 (full 2):
 garbage-first heap   total 524288K, used 178012K [0x0000000701800000, 0x0000000800000000)
  region size 2048K, 40 young (81920K), 5 survivors (10240K)
 Metaspace       used 90524K, committed 91136K, reserved 1179648K
  class space    used 13279K, committed 13568K, reserved 1048576K
}
Event: 140.023 GC heap after
{Heap after GC invocations=40 (full 2):
 garbage-first heap   total 524288K, used 110155K [0x0000000701800000, 0x0000000800000000)
  region size 2048K, 2 young (4096K), 2 survivors (4096K)
 Metaspace       used 90524K, committed 91136K, reserved 1179648K
  class space    used 13279K, committed 13568K, reserved 1048576K
}
Event: 141.131 GC heap before
{Heap before GC invocations=40 (full 2):
 garbage-first heap   total 524288K, used 192075K [0x0000000701800000, 0x0000000800000000)
  region size 2048K, 40 young (81920K), 2 survivors (4096K)
 Metaspace       used 95112K, committed 95680K, reserved 1179648K
  class space    used 13912K, committed 14208K, reserved 1048576K
}
Event: 141.135 GC heap after
{Heap after GC invocations=41 (full 2):
 garbage-first heap   total 524288K, used 122468K [0x0000000701800000, 0x0000000800000000)
  region size 2048K, 5 young (10240K), 5 survivors (10240K)
 Metaspace       used 95112K, committed 95680K, reserved 1179648K
  class space    used 13912K, committed 14208K, reserved 1048576K
}
Event: 143.205 GC heap before
{Heap before GC invocations=41 (full 2):
 garbage-first heap   total 524288K, used 194148K [0x0000000701800000, 0x0000000800000000)
  region size 2048K, 40 young (81920K), 5 survivors (10240K)
 Metaspace       used 95260K, committed 95872K, reserved 1179648K
  class space    used 13916K, committed 14208K, reserved 1048576K
}
Event: 143.209 GC heap after
{Heap after GC invocations=42 (full 2):
 garbage-first heap   total 524288K, used 124287K [0x0000000701800000, 0x0000000800000000)
  region size 2048K, 1 young (2048K), 1 survivors (2048K)
 Metaspace       used 95260K, committed 95872K, reserved 1179648K
  class space    used 13916K, committed 14208K, reserved 1048576K
}
Event: 145.355 GC heap before
{Heap before GC invocations=42 (full 2):
 garbage-first heap   total 524288K, used 204159K [0x0000000701800000, 0x0000000800000000)
  region size 2048K, 40 young (81920K), 1 survivors (2048K)
 Metaspace       used 95349K, committed 95936K, reserved 1179648K
  class space    used 13916K, committed 14208K, reserved 1048576K
}
Event: 145.359 GC heap after
{Heap after GC invocations=43 (full 2):
 garbage-first heap   total 524288K, used 124031K [0x0000000701800000, 0x0000000800000000)
  region size 2048K, 1 young (2048K), 1 survivors (2048K)
 Metaspace       used 95349K, committed 95936K, reserved 1179648K
  class space    used 13916K, committed 14208K, reserved 1048576K
}
Event: 145.732 GC heap before
{Heap before GC invocations=43 (full 2):
 garbage-first heap   total 524288K, used 203903K [0x0000000701800000, 0x0000000800000000)
  region size 2048K, 40 young (81920K), 1 survivors (2048K)
 Metaspace       used 97472K, committed 98048K, reserved 1179648K
  class space    used 14259K, committed 14528K, reserved 1048576K
}
Event: 145.734 GC heap after
{Heap after GC invocations=44 (full 2):
 garbage-first heap   total 524288K, used 127136K [0x0000000701800000, 0x0000000800000000)
  region size 2048K, 3 young (6144K), 3 survivors (6144K)
 Metaspace       used 97472K, committed 98048K, reserved 1179648K
  class space    used 14259K, committed 14528K, reserved 1048576K
}
Event: 145.916 GC heap before
{Heap before GC invocations=44 (full 2):
 garbage-first heap   total 524288K, used 149664K [0x0000000701800000, 0x0000000800000000)
  region size 2048K, 12 young (24576K), 3 survivors (6144K)
 Metaspace       used 98520K, committed 99136K, reserved 1179648K
  class space    used 14483K, committed 14784K, reserved 1048576K
}
Event: 145.955 GC heap after
{Heap after GC invocations=45 (full 3):
 garbage-first heap   total 524288K, used 127259K [0x0000000701800000, 0x0000000800000000)
  region size 2048K, 0 young (0K), 0 survivors (0K)
 Metaspace       used 98520K, committed 99136K, reserved 1179648K
  class space    used 14483K, committed 14784K, reserved 1048576K
}
Event: 165.655 GC heap before
{Heap before GC invocations=45 (full 3):
 garbage-first heap   total 524288K, used 166171K [0x0000000701800000, 0x0000000800000000)
  region size 2048K, 18 young (36864K), 0 survivors (0K)
 Metaspace       used 98606K, committed 99200K, reserved 1179648K
  class space    used 14486K, committed 14784K, reserved 1048576K
}
Event: 165.748 GC heap after
{Heap after GC invocations=46 (full 4):
 garbage-first heap   total 524288K, used 125044K [0x0000000701800000, 0x0000000800000000)
  region size 2048K, 0 young (0K), 0 survivors (0K)
 Metaspace       used 98606K, committed 99200K, reserved 1179648K
  class space    used 14486K, committed 14784K, reserved 1048576K
}
Event: 195.824 GC heap before
{Heap before GC invocations=46 (full 4):
 garbage-first heap   total 524288K, used 147572K [0x0000000701800000, 0x0000000800000000)
  region size 2048K, 12 young (24576K), 0 survivors (0K)
 Metaspace       used 98622K, committed 99200K, reserved 1179648K
  class space    used 14486K, committed 14784K, reserved 1048576K
}
Event: 195.929 GC heap after
{Heap after GC invocations=47 (full 5):
 garbage-first heap   total 524288K, used 124934K [0x0000000701800000, 0x0000000800000000)
  region size 2048K, 0 young (0K), 0 survivors (0K)
 Metaspace       used 98622K, committed 99200K, reserved 1179648K
  class space    used 14486K, committed 14784K, reserved 1048576K
}

Dll operation events (20 events):
Event: 0.463 Loaded shared library C:\Xilinx\Vivado\2023.2\lib\win64.o\librdi_ipservicestasks.dll
Event: 0.464 Loaded shared library C:\Xilinx\Vivado\2023.2\lib\win64.o\librdi_vivadotasks.dll
Event: 0.465 Loaded shared library C:\Xilinx\Vivado\2023.2\lib\win64.o\librdi_board.dll
Event: 0.465 Loaded shared library C:\Xilinx\Vivado\2023.2\lib\win64.o\librdi_boarddep.dll
Event: 0.466 Loaded shared library C:\Xilinx\Vivado\2023.2\lib\win64.o\librdi_boardcommontasks.dll
Event: 0.466 Loaded shared library C:\Xilinx\Vivado\2023.2\lib\win64.o\librdi_ptgen.dll
Event: 0.467 Loaded shared library C:\Xilinx\Vivado\2023.2\lib\win64.o\librdi_ip.dll
Event: 0.467 Loaded shared library C:\Xilinx\Vivado\2023.2\lib\win64.o\librdi_mig.dll
Event: 0.469 Loaded shared library C:\Xilinx\Vivado\2023.2\lib\win64.o\librdi_implflow.dll
Event: 0.469 Loaded shared library C:\Xilinx\Vivado\2023.2\lib\win64.o\librdi_xhubtasks.dll
Event: 0.471 Loaded shared library C:\Xilinx\Vivado\2023.2\lib\win64.o\librdi_iptasks.dll
Event: 0.472 Loaded shared library C:\Xilinx\Vivado\2023.2\lib\win64.o\librdi_synth.dll
Event: 0.999 Loaded shared library C:\Xilinx\Vivado\2023.2\tps\win64\jre17.0.7_7\bin\verify.dll
Event: 1.124 Loaded shared library C:\Xilinx\Vivado\2023.2\tps\win64\jre17.0.7_7\bin\javajpeg.dll
Event: 1.127 Loaded shared library C:\Xilinx\Vivado\2023.2\tps\win64\jre17.0.7_7\bin\lcms.dll
Event: 1.342 Loaded shared library C:\Xilinx\Vivado\2023.2\tps\win64\jre17.0.7_7\bin\freetype.dll
Event: 1.343 Loaded shared library C:\Xilinx\Vivado\2023.2\tps\win64\jre17.0.7_7\bin\fontmanager.dll
Event: 3.432 Loaded shared library C:\Xilinx\Vivado\2023.2\lib\win64.o\librdi_xhub.dll
Event: 8.753 Loaded shared library C:\Xilinx\Vivado\2023.2\tps\win64\jre17.0.7_7\bin\management.dll
Event: 8.754 Loaded shared library C:\Xilinx\Vivado\2023.2\tps\win64\jre17.0.7_7\bin\management_ext.dll

Deoptimization events (20 events):
Event: 220.259 Thread 0x000001fc2a832f00 Uncommon trap: trap_request=0xffffffc6 fr.pc=0x000001fc15df3bc8 relative=0x0000000000000c48
Event: 220.259 Thread 0x000001fc2a832f00 Uncommon trap: reason=bimorphic_or_optimized_type_check action=maybe_recompile pc=0x000001fc15df3bc8 method=ui.dlg.c.b.j$e.isSelectedIndex(I)Z @ 4 c2
Event: 220.259 Thread 0x000001fc2a832f00 DEOPT PACKING pc=0x000001fc15df3bc8 sp=0x0000000e64cfc240
Event: 220.259 Thread 0x000001fc2a832f00 DEOPT UNPACKING pc=0x000001fc14da69a3 sp=0x0000000e64cfc130 mode 2
Event: 220.260 Thread 0x000001fc2a832f00 Uncommon trap: trap_request=0xffffffc6 fr.pc=0x000001fc15df3bc8 relative=0x0000000000000c48
Event: 220.260 Thread 0x000001fc2a832f00 Uncommon trap: reason=bimorphic_or_optimized_type_check action=maybe_recompile pc=0x000001fc15df3bc8 method=ui.dlg.c.b.j$e.isSelectedIndex(I)Z @ 4 c2
Event: 220.260 Thread 0x000001fc2a832f00 DEOPT PACKING pc=0x000001fc15df3bc8 sp=0x0000000e64cfc0d0
Event: 220.260 Thread 0x000001fc2a832f00 DEOPT UNPACKING pc=0x000001fc14da69a3 sp=0x0000000e64cfbfc0 mode 2
Event: 220.261 Thread 0x000001fc2a832f00 Uncommon trap: trap_request=0xffffffc6 fr.pc=0x000001fc15df3bc8 relative=0x0000000000000c48
Event: 220.261 Thread 0x000001fc2a832f00 Uncommon trap: reason=bimorphic_or_optimized_type_check action=maybe_recompile pc=0x000001fc15df3bc8 method=ui.dlg.c.b.j$e.isSelectedIndex(I)Z @ 4 c2
Event: 220.261 Thread 0x000001fc2a832f00 DEOPT PACKING pc=0x000001fc15df3bc8 sp=0x0000000e64cfc180
Event: 220.261 Thread 0x000001fc2a832f00 DEOPT UNPACKING pc=0x000001fc14da69a3 sp=0x0000000e64cfc070 mode 2
Event: 220.261 Thread 0x000001fc2a832f00 Uncommon trap: trap_request=0xffffffc6 fr.pc=0x000001fc15df3bc8 relative=0x0000000000000c48
Event: 220.261 Thread 0x000001fc2a832f00 Uncommon trap: reason=bimorphic_or_optimized_type_check action=maybe_recompile pc=0x000001fc15df3bc8 method=ui.dlg.c.b.j$e.isSelectedIndex(I)Z @ 4 c2
Event: 220.261 Thread 0x000001fc2a832f00 DEOPT PACKING pc=0x000001fc15df3bc8 sp=0x0000000e64cfc240
Event: 220.261 Thread 0x000001fc2a832f00 DEOPT UNPACKING pc=0x000001fc14da69a3 sp=0x0000000e64cfc130 mode 2
Event: 220.429 Thread 0x000001fc2a832f00 Uncommon trap: trap_request=0xffffff45 fr.pc=0x000001fc1652abf0 relative=0x00000000000001f0
Event: 220.429 Thread 0x000001fc2a832f00 Uncommon trap: reason=unstable_if action=reinterpret pc=0x000001fc1652abf0 method=com.jidesoft.editor.highlight.DefaultHighlighter.paintLayeredHighlights(Ljava/awt/Graphics;IILjava/awt/Shape;Lcom/jidesoft/editor/CodeEditor;)V @ 18 c2
Event: 220.429 Thread 0x000001fc2a832f00 DEOPT PACKING pc=0x000001fc1652abf0 sp=0x0000000e64cfc330
Event: 220.429 Thread 0x000001fc2a832f00 DEOPT UNPACKING pc=0x000001fc14da69a3 sp=0x0000000e64cfc2c0 mode 2

Classes unloaded (0 events):
No events

Classes redefined (0 events):
No events

Internal exceptions (20 events):
Event: 141.970 Thread 0x000001fc2a832f00 Exception <a 'java/io/FileNotFoundException'{0x000000071f44b320}> (0x000000071f44b320) 
thrown [s\src\hotspot\share\prims\jni.cpp, line 516]
Event: 145.572 Thread 0x000001fc2a832f00 Implicit null exception at 0x000001fc15b05cfb to 0x000001fc15b06304
Event: 145.809 Thread 0x000001fc2a832f00 Exception <a 'java/lang/ClassNotFoundException'{0x000000072118c1e0}: ui/views/waveform/g/vBeanInfo> (0x000000072118c1e0) 
thrown [s\src\hotspot\share\classfile\systemDictionary.cpp, line 256]
Event: 145.809 Thread 0x000001fc2a832f00 Exception <a 'java/lang/ClassNotFoundException'{0x000000072118ef90}: ui/views/waveform/g/vCustomizer> (0x000000072118ef90) 
thrown [s\src\hotspot\share\classfile\systemDictionary.cpp, line 256]
Event: 145.848 Thread 0x000001fc2a832f00 Exception <a 'java/lang/NoSuchMethodError'{0x0000000720d77448}: 'java.lang.Object java.lang.invoke.DirectMethodHandle$Holder.invokeSpecial(java.lang.Object, java.lang.Object, long, long, long)'> (0x0000000720d77448) 
thrown [s\src\hotspot\share\interpreter\linkResolver.cpp, line 759]
Event: 146.970 Thread 0x000001fc2a832f00 Exception <a 'java/io/FileNotFoundException'{0x0000000720344b28}> (0x0000000720344b28) 
thrown [s\src\hotspot\share\prims\jni.cpp, line 516]
Event: 151.970 Thread 0x000001fc2a832f00 Exception <a 'java/io/FileNotFoundException'{0x000000071fefe0f0}> (0x000000071fefe0f0) 
thrown [s\src\hotspot\share\prims\jni.cpp, line 516]
Event: 156.972 Thread 0x000001fc2a832f00 Exception <a 'java/io/FileNotFoundException'{0x000000071fbc5ae0}> (0x000000071fbc5ae0) 
thrown [s\src\hotspot\share\prims\jni.cpp, line 516]
Event: 161.979 Thread 0x000001fc2a832f00 Exception <a 'java/io/FileNotFoundException'{0x000000071f6fdf00}> (0x000000071f6fdf00) 
thrown [s\src\hotspot\share\prims\jni.cpp, line 516]
Event: 166.976 Thread 0x000001fc2a832f00 Exception <a 'java/io/FileNotFoundException'{0x0000000721687928}> (0x0000000721687928) 
thrown [s\src\hotspot\share\prims\jni.cpp, line 516]
Event: 171.977 Thread 0x000001fc2a832f00 Exception <a 'java/io/FileNotFoundException'{0x00000007212816b0}> (0x00000007212816b0) 
thrown [s\src\hotspot\share\prims\jni.cpp, line 516]
Event: 176.991 Thread 0x000001fc2a832f00 Exception <a 'java/io/FileNotFoundException'{0x0000000720e8c698}> (0x0000000720e8c698) 
thrown [s\src\hotspot\share\prims\jni.cpp, line 516]
Event: 181.980 Thread 0x000001fc2a832f00 Exception <a 'java/io/FileNotFoundException'{0x0000000720a6d410}> (0x0000000720a6d410) 
thrown [s\src\hotspot\share\prims\jni.cpp, line 516]
Event: 186.982 Thread 0x000001fc2a832f00 Exception <a 'java/io/FileNotFoundException'{0x0000000720629a60}> (0x0000000720629a60) 
thrown [s\src\hotspot\share\prims\jni.cpp, line 516]
Event: 191.991 Thread 0x000001fc2a832f00 Exception <a 'java/io/FileNotFoundException'{0x0000000720207d70}> (0x0000000720207d70) 
thrown [s\src\hotspot\share\prims\jni.cpp, line 516]
Event: 196.979 Thread 0x000001fc2a832f00 Exception <a 'java/io/FileNotFoundException'{0x0000000721690940}> (0x0000000721690940) 
thrown [s\src\hotspot\share\prims\jni.cpp, line 516]
Event: 201.979 Thread 0x000001fc2a832f00 Exception <a 'java/io/FileNotFoundException'{0x0000000721275af8}> (0x0000000721275af8) 
thrown [s\src\hotspot\share\prims\jni.cpp, line 516]
Event: 206.982 Thread 0x000001fc2a832f00 Exception <a 'java/io/FileNotFoundException'{0x0000000720e3b270}> (0x0000000720e3b270) 
thrown [s\src\hotspot\share\prims\jni.cpp, line 516]
Event: 211.979 Thread 0x000001fc2a832f00 Exception <a 'java/io/FileNotFoundException'{0x0000000720a0f810}> (0x0000000720a0f810) 
thrown [s\src\hotspot\share\prims\jni.cpp, line 516]
Event: 216.982 Thread 0x000001fc2a832f00 Exception <a 'java/io/FileNotFoundException'{0x000000072092b5d8}> (0x000000072092b5d8) 
thrown [s\src\hotspot\share\prims\jni.cpp, line 516]

VM Operations (20 events):
Event: 175.768 Executing VM operation: Cleanup
Event: 175.769 Executing VM operation: Cleanup done
Event: 177.770 Executing VM operation: Cleanup
Event: 177.771 Executing VM operation: Cleanup done
Event: 184.781 Executing VM operation: Cleanup
Event: 184.784 Executing VM operation: Cleanup done
Event: 189.792 Executing VM operation: Cleanup
Event: 189.794 Executing VM operation: Cleanup done
Event: 195.822 Executing VM operation: G1CollectFull
Event: 195.930 Executing VM operation: G1CollectFull done
Event: 196.934 Executing VM operation: Cleanup
Event: 196.934 Executing VM operation: Cleanup done
Event: 197.935 Executing VM operation: Cleanup
Event: 197.935 Executing VM operation: Cleanup done
Event: 218.967 Executing VM operation: Cleanup
Event: 218.968 Executing VM operation: Cleanup done
Event: 220.306 Executing VM operation: HandshakeAllThreads
Event: 220.308 Executing VM operation: HandshakeAllThreads done
Event: 220.308 Executing VM operation: Cleanup
Event: 220.309 Executing VM operation: Cleanup done

Events (20 events):
Event: 220.318 Thread 0x000001fc057479b0 flushing nmethod 0x000001fc15fd3190
Event: 220.321 Thread 0x000001fc057479b0 flushing nmethod 0x000001fc1640b010
Event: 220.321 Thread 0x000001fc057479b0 flushing nmethod 0x000001fc164b3710
Event: 220.325 Thread 0x000001fc057479b0 flushing nmethod 0x000001fc0d9bb090
Event: 220.335 Thread 0x000001fc057479b0 flushing nmethod 0x000001fc0decc110
Event: 220.336 Thread 0x000001fc057479b0 flushing nmethod 0x000001fc0e06ca10
Event: 220.341 Thread 0x000001fc057479b0 flushing nmethod 0x000001fc0e396190
Event: 220.343 Thread 0x000001fc057479b0 flushing nmethod 0x000001fc0e552710
Event: 220.344 Thread 0x000001fc057479b0 flushing nmethod 0x000001fc0e6b5390
Event: 220.345 Thread 0x000001fc057479b0 flushing nmethod 0x000001fc0e702f90
Event: 220.349 Thread 0x000001fc057479b0 flushing nmethod 0x000001fc0eef5010
Event: 220.350 Thread 0x000001fc057479b0 flushing nmethod 0x000001fc0ef7c010
Event: 220.350 Thread 0x000001fc057479b0 flushing nmethod 0x000001fc0ef7c510
Event: 220.351 Thread 0x000001fc057479b0 flushing nmethod 0x000001fc0f158790
Event: 220.351 Thread 0x000001fc057479b0 flushing nmethod 0x000001fc0f1cfb90
Event: 220.354 Thread 0x000001fc057479b0 flushing nmethod 0x000001fc0f3fbb10
Event: 220.355 Thread 0x000001fc057479b0 flushing nmethod 0x000001fc0f59d210
Event: 220.355 Thread 0x000001fc057479b0 flushing nmethod 0x000001fc0f694b90
Event: 220.356 Thread 0x000001fc057479b0 flushing nmethod 0x000001fc0f752490
Event: 220.356 Thread 0x000001fc057479b0 flushing nmethod 0x000001fc0f77e810


Dynamic libraries:
0x00007ff6e6390000 - 0x00007ff6e63c1000 	C:\Xilinx\Vivado\2023.2\bin\unwrapped\win64.o\vivado.exe
0x00007ffa5c650000 - 0x00007ffa5c867000 	C:\Windows\SYSTEM32\ntdll.dll
0x00007ffa5b700000 - 0x00007ffa5b7c4000 	C:\Windows\System32\KERNEL32.DLL
0x00007ffa59d00000 - 0x00007ffa5a0ad000 	C:\Windows\System32\KERNELBASE.dll
0x00007ffa59be0000 - 0x00007ffa59cf1000 	C:\Windows\System32\ucrtbase.dll
0x00007ffa3c530000 - 0x00007ffa3c54d000 	C:\Windows\SYSTEM32\VCRUNTIME140.dll
0x00007ffa3c4a0000 - 0x00007ffa3c52d000 	C:\Windows\SYSTEM32\MSVCP140.dll
0x00007ffa4e4d0000 - 0x00007ffa4e4ec000 	C:\Xilinx\Vivado\2023.2\lib\win64.o\librdi_commonmain.dll
0x00007ffa3c3f0000 - 0x00007ffa3c3fc000 	C:\Windows\SYSTEM32\VCRUNTIME140_1.dll
0x00007ff9e72c0000 - 0x00007ff9e896a000 	C:\Xilinx\Vivado\2023.2\lib\win64.o\librdi_common.dll
0x00007ffa5a5d0000 - 0x00007ffa5a77e000 	C:\Windows\System32\USER32.dll
0x00007ffa59bb0000 - 0x00007ffa59bd6000 	C:\Windows\System32\win32u.dll
0x00007ffa5a930000 - 0x00007ffa5a959000 	C:\Windows\System32\GDI32.dll
0x00007ffa5a260000 - 0x00007ffa5a379000 	C:\Windows\System32\gdi32full.dll
0x00007ffa59ae0000 - 0x00007ffa59b7a000 	C:\Windows\System32\msvcp_win.dll
0x00007ffa5a870000 - 0x00007ffa5a922000 	C:\Windows\System32\ADVAPI32.dll
0x00007ffa5bf80000 - 0x00007ffa5c027000 	C:\Windows\System32\msvcrt.dll
0x00007ff9e9570000 - 0x00007ff9e99a0000 	C:\Xilinx\Vivado\2023.2\lib\win64.o\python38.dll
0x00007ffa5ba80000 - 0x00007ffa5bb29000 	C:\Windows\System32\sechost.dll
0x00007ffa59b80000 - 0x00007ffa59ba8000 	C:\Windows\System32\bcrypt.dll
0x00007ffa5a970000 - 0x00007ffa5aa84000 	C:\Windows\System32\RPCRT4.dll
0x00007ffa4e4a0000 - 0x00007ffa4e4c1000 	C:\Xilinx\Vivado\2023.2\lib\win64.o\libboost_filesystem.dll
0x00007ffa5ab00000 - 0x00007ffa5b367000 	C:\Windows\System32\SHELL32.dll
0x00007ffa5a1f0000 - 0x00007ffa5a25b000 	C:\Windows\System32\WINTRUST.dll
0x00007ffa5a380000 - 0x00007ffa5a3f1000 	C:\Windows\System32\WS2_32.dll
0x00007ffa5a7e0000 - 0x00007ffa5a83e000 	C:\Windows\System32\SHLWAPI.dll
0x00007ffa10a30000 - 0x00007ffa10be6000 	C:\Xilinx\Vivado\2023.2\lib\win64.o\librdi_commonxillic.dll
0x00007ffa4f8a0000 - 0x00007ffa4f8a9000 	C:\Xilinx\Vivado\2023.2\lib\win64.o\librdi_commonversion.dll
0x00000000727a0000 - 0x00000000728cc000 	C:\Xilinx\Vivado\2023.2\lib\win64.o\tcl85t.dll
0x00007ff9ea8f0000 - 0x00007ff9eac5e000 	C:\Xilinx\Vivado\2023.2\lib\win64.o\libCOIN-all.dll
0x00007ffa4e480000 - 0x00007ffa4e491000 	C:\Xilinx\Vivado\2023.2\lib\win64.o\libboost_date_time.dll
0x00007ffa4d2e0000 - 0x00007ffa4d359000 	C:\Xilinx\Vivado\2023.2\lib\win64.o\libboost_program_options.dll
0x00007ffa01860000 - 0x00007ffa01974000 	C:\Xilinx\Vivado\2023.2\lib\win64.o\libboost_regex.dll
0x00007ffa4e030000 - 0x00007ffa4e04c000 	C:\Xilinx\Vivado\2023.2\lib\win64.o\libboost_thread.dll
0x00007ffa4f7b0000 - 0x00007ffa4f7bc000 	C:\Xilinx\Vivado\2023.2\lib\win64.o\libboost_xilinx.dll
0x00007ffa4b770000 - 0x00007ffa4b7f2000 	C:\Xilinx\Vivado\2023.2\lib\win64.o\libhdlpsolve.dll
0x00007ffa1c430000 - 0x00007ffa1c4d5000 	C:\Xilinx\Vivado\2023.2\lib\win64.o\libhdxml.dll
0x00007ff9e3980000 - 0x00007ff9e49a4600 	C:\Xilinx\Vivado\2023.2\lib\win64.o\libisl_iostreams.dll
0x00007ffa4e000000 - 0x00007ffa4e02a000 	C:\Xilinx\Vivado\2023.2\lib\win64.o\libisl_sysinfo.dll
0x00007ffa4b420000 - 0x00007ffa4b485000 	C:\Xilinx\Vivado\2023.2\lib\win64.o\liblmx6.0.dll
0x00007ffa4b750000 - 0x00007ffa4b76a000 	C:\Xilinx\Vivado\2023.2\lib\win64.o\pthreadVC2.dll
0x00007ffa4b730000 - 0x00007ffa4b74c000 	C:\Xilinx\Vivado\2023.2\lib\win64.o\librdiconfig.dll
0x00007ffa410a0000 - 0x00007ffa410c1000 	C:\Xilinx\Vivado\2023.2\lib\win64.o\librdizlib.dll
0x00007ffa4abb0000 - 0x00007ffa4abc9000 	C:\Windows\SYSTEM32\NETAPI32.dll
0x00007ff9e92a0000 - 0x00007ff9e9561000 	C:\Xilinx\Vivado\2023.2\lib\win64.o\xerces-c_3_2.dll
0x00007ffa52500000 - 0x00007ffa52636000 	C:\Windows\SYSTEM32\WINHTTP.dll
0x00007ffa3dbb0000 - 0x00007ffa3e0ae000 	C:\Windows\SYSTEM32\WININET.dll
0x00007ffa4af50000 - 0x00007ffa4b140000 	C:\Windows\SYSTEM32\urlmon.dll
0x00007ffa3cf90000 - 0x00007ffa3cf99000 	C:\Windows\SYSTEM32\WSOCK32.dll
0x00007ffa3f890000 - 0x00007ffa3f8c2000 	C:\Windows\SYSTEM32\VCOMP140.DLL
0x00007ff9e0f10000 - 0x00007ff9e2e27000 	C:\Xilinx\Vivado\2023.2\lib\win64.o\gurobi90.dll
0x00007ffa59970000 - 0x00007ffa59ad6000 	C:\Windows\System32\CRYPT32.dll
0x00007ffa52330000 - 0x00007ffa5233a000 	C:\Windows\SYSTEM32\VERSION.dll
0x00007ffa5a780000 - 0x00007ffa5a7df000 	C:\Windows\System32\WLDAP32.dll
0x00007ffa5a840000 - 0x00007ffa5a848000 	C:\Windows\System32\Normaliz.dll
0x00007ff9e8f70000 - 0x00007ff9e929d000 	C:\Xilinx\Vivado\2023.2\lib\win64.o\libXil_lmgr11.dll
0x00007ffa5b980000 - 0x00007ffa5ba7f000 	C:\Windows\System32\COMDLG32.dll
0x00007ffa5b370000 - 0x00007ffa5b6fe000 	C:\Windows\System32\combase.dll
0x00007ffa5bda0000 - 0x00007ffa5be99000 	C:\Windows\System32\shcore.dll
0x00007ffa5bea0000 - 0x00007ffa5bf77000 	C:\Windows\System32\OLEAUT32.dll
0x00007ffa4b710000 - 0x00007ffa4b728000 	C:\Xilinx\Vivado\2023.2\lib\win64.o\libboost_iostreams.dll
0x00007ffa5b7d0000 - 0x00007ffa5b975000 	C:\Windows\System32\ole32.dll
0x00007ffa3e2e0000 - 0x00007ffa3e304000 	C:\Xilinx\Vivado\2023.2\lib\win64.o\libisl_iosutils.dll
0x00007ffa4ac90000 - 0x00007ffa4af4e000 	C:\Windows\SYSTEM32\iertutil.dll
0x00007ffa4ac60000 - 0x00007ffa4ac88000 	C:\Windows\SYSTEM32\srvcli.dll
0x00007ffa584c0000 - 0x00007ffa584cc000 	C:\Windows\SYSTEM32\netutils.dll
0x00007ffa4ba00000 - 0x00007ffa4bab3000 	C:\Windows\WinSxS\amd64_microsoft.windows.common-controls_6595b64144ccf1df_5.82.22621.3527_none_b43b7f4b638cc64f\COMCTL32.dll
0x00007ffa52310000 - 0x00007ffa5232f000 	C:\Windows\SYSTEM32\dhcpcsvc.DLL
0x00007ffa59010000 - 0x00007ffa59038000 	C:\Windows\SYSTEM32\USERENV.dll
0x00007ffa58f20000 - 0x00007ffa58f89000 	C:\Windows\SYSTEM32\MSWSOCK.DLL
0x00007ffa5bd00000 - 0x00007ffa5bd31000 	C:\Windows\System32\IMM32.DLL
0x00007ffa59640000 - 0x00007ffa59652000 	C:\Windows\SYSTEM32\MSASN1.dll
0x00007ffa59170000 - 0x00007ffa5918b000 	C:\Windows\SYSTEM32\CRYPTSP.dll
0x00007ffa58ab0000 - 0x00007ffa58ac8000 	C:\Windows\SYSTEM32\kernel.appcore.dll
0x00007ffa58a10000 - 0x00007ffa58a45000 	C:\Windows\system32\rsaenh.dll
0x00007ffa59190000 - 0x00007ffa5919c000 	C:\Windows\SYSTEM32\CRYPTBASE.dll
0x00007ffa5a0b0000 - 0x00007ffa5a12b000 	C:\Windows\System32\bcryptPrimitives.dll
0x00007ffa5a850000 - 0x00007ffa5a86f000 	C:\Windows\System32\imagehlp.dll
0x00007ff9e67b0000 - 0x00007ff9e6cfd000 	C:\Xilinx\Vivado\2023.2\lib\win64.o\librdi_commontasks.dll
0x00007ff9e02c0000 - 0x00007ff9e0f08000 	C:\Xilinx\Vivado\2023.2\tps\win64\jre17.0.7_7\bin\server\jvm.dll
0x00007ff9e8c40000 - 0x00007ff9e8f6b800 	C:\Xilinx\Vivado\2023.2\lib\win64.o\librdi_sio.dll
0x00007ffa50a00000 - 0x00007ffa50a34000 	C:\Windows\SYSTEM32\WINMM.dll
0x00007ffa584d0000 - 0x00007ffa584fd000 	C:\Windows\SYSTEM32\IPHLPAPI.DLL
0x00007ffa58fb0000 - 0x00007ffa58fd6000 	C:\Windows\SYSTEM32\gpapi.dll
0x00007ffa51e10000 - 0x00007ffa51e42000 	C:\Windows\System32\cryptnet.dll
0x00007ffa598a0000 - 0x00007ffa598c7000 	C:\Windows\SYSTEM32\profapi.dll
0x00007ffa56970000 - 0x00007ffa5697d000 	C:\Windows\SYSTEM32\WINNSI.DLL
0x00007ffa5a5c0000 - 0x00007ffa5a5c9000 	C:\Windows\System32\NSI.dll
0x00007ffa58d10000 - 0x00007ffa58d53000 	C:\Windows\SYSTEM32\SspiCli.dll
0x00007ffa37af0000 - 0x00007ffa37b07000 	C:\Windows\system32\napinsp.dll
0x00007ffa37a70000 - 0x00007ffa37a8b000 	C:\Windows\system32\pnrpnsp.dll
0x00007ffa58540000 - 0x00007ffa58638000 	C:\Windows\SYSTEM32\DNSAPI.dll
0x00007ffa37a50000 - 0x00007ffa37a61000 	C:\Windows\System32\winrnr.dll
0x00007ffa37a30000 - 0x00007ffa37a45000 	C:\Windows\system32\wshbth.dll
0x00007ffa37940000 - 0x00007ffa37967000 	C:\Windows\system32\nlansp_c.dll
0x00007ffa57900000 - 0x00007ffa581ff000 	C:\Windows\SYSTEM32\windows.storage.dll
0x00007ffa577c0000 - 0x00007ffa578ff000 	C:\Windows\SYSTEM32\wintypes.dll
0x00007ff9dd4f0000 - 0x00007ff9e02b6000 	C:\Xilinx\Vivado\2023.2\lib\win64.o\librdi_tcltasks.dll
0x00007ffa29d70000 - 0x00007ffa29df3000 	C:\Xilinx\Vivado\2023.2\lib\win64.o\librdi_boarddep.dll
0x00007ff9e6f80000 - 0x00007ff9e7180000 	C:\Xilinx\Vivado\2023.2\lib\win64.o\librdi_board.dll
0x00007ff9e5c00000 - 0x00007ff9e60e1000 	C:\Xilinx\Vivado\2023.2\lib\win64.o\librdi_bitstream.dll
0x00007ffa00610000 - 0x00007ffa0073a000 	C:\Xilinx\Vivado\2023.2\lib\win64.o\librdi_chipscope.dll
0x00007ff9e6d70000 - 0x00007ff9e6f77000 	C:\Xilinx\Vivado\2023.2\lib\win64.o\librdi_chipscopeimpl.dll
0x00007ff9dadf0000 - 0x00007ff9dd4e5000 	C:\Xilinx\Vivado\2023.2\lib\win64.o\librdi_constraints.dll
0x00007ff9e6640000 - 0x00007ff9e67ae000 	C:\Xilinx\Vivado\2023.2\lib\win64.o\librdi_containers.dll
0x00007ff9d86b0000 - 0x00007ff9dade6000 	C:\Xilinx\Vivado\2023.2\lib\win64.o\librdi_coregen.dll
0x00007ff9d68a0000 - 0x00007ff9d86a7000 	C:\Xilinx\Vivado\2023.2\lib\win64.o\librdi_designutils.dll
0x00007ff9d5290000 - 0x00007ff9d6893000 	C:\Xilinx\Vivado\2023.2\lib\win64.o\librdi_device.dll
0x00007ff9e5020000 - 0x00007ff9e53bf000 	C:\Xilinx\Vivado\2023.2\lib\win64.o\librdi_dlyest.dll
0x00007ff9d4b50000 - 0x00007ff9d5286000 	C:\Xilinx\Vivado\2023.2\lib\win64.o\librdi_drc.dll
0x00007ffa017a0000 - 0x00007ffa01854000 	C:\Xilinx\Vivado\2023.2\lib\win64.o\librdi_dsp.dll
0x00007ff9d4390000 - 0x00007ff9d4b4f000 	C:\Xilinx\Vivado\2023.2\lib\win64.o\librdi_filemgmt.dll
0x00007ffa20e00000 - 0x00007ffa20e6b000 	C:\Xilinx\Vivado\2023.2\lib\win64.o\librdi_hdf.dll
0x00007ff9e6350000 - 0x00007ff9e6634000 	C:\Xilinx\Vivado\2023.2\lib\win64.o\librdi_hip_devdesign.dll
0x00007ff9d3240000 - 0x00007ff9d4383000 	C:\Xilinx\Vivado\2023.2\lib\win64.o\librdi_implflow.dll
0x00007ff9e5ab0000 - 0x00007ff9e5bf8000 	C:\Xilinx\Vivado\2023.2\lib\win64.o\librdi_hip_perf_analysis.dll
0x00007ff9d2390000 - 0x00007ff9d3240000 	C:\Xilinx\Vivado\2023.2\lib\win64.o\librdi_ippcw.dll
0x00007ff9d1af0000 - 0x00007ff9d238a000 	C:\Xilinx\Vivado\2023.2\lib\win64.o\librdi_lopt.dll
0x00007ff9d1490000 - 0x00007ff9d1ae6000 	C:\Xilinx\Vivado\2023.2\lib\win64.o\librdi_memdata.dll
0x00007ffa1ccd0000 - 0x00007ffa1cd4d000 	C:\Xilinx\Vivado\2023.2\lib\win64.o\librdi_memoryarray.dll
0x00007ff9ce230000 - 0x00007ff9d0c71000 	C:\Xilinx\Vivado\2023.2\lib\win64.o\librdi_mig.dll
0x00007ff9d0c80000 - 0x00007ff9d1484000 	C:\Xilinx\Vivado\2023.2\lib\win64.o\librdi_netlist.dll
0x00007ffa11550000 - 0x00007ffa115c2000 	C:\Xilinx\Vivado\2023.2\lib\win64.o\librdi_noc_frameworks.dll
0x00007ffa38eb0000 - 0x00007ffa38f0c000 	C:\Xilinx\Vivado\2023.2\lib\win64.o\librdi_pfi.dll
0x00007ff9cb370000 - 0x00007ff9ce22c000 	C:\Xilinx\Vivado\2023.2\lib\win64.o\librdi_place.dll
0x00007ff9caa70000 - 0x00007ff9cb362000 	C:\Xilinx\Vivado\2023.2\lib\win64.o\librdi_power.dll
0x00007ff9ca1e0000 - 0x00007ff9caa6b000 	C:\Xilinx\Vivado\2023.2\lib\win64.o\librdi_project.dll
0x00007ff9e4ba0000 - 0x00007ff9e501e000 	C:\Xilinx\Vivado\2023.2\lib\win64.o\librdi_platform.dll

dbghelp: loaded successfully - version: 4.0.5 - missing functions: none
symbol engine: initialized successfully - sym options: 0x614 - pdb path: .;C:\Xilinx\Vivado\2023.2\bin\unwrapped\win64.o;C:\Windows\SYSTEM32;C:\Xilinx\Vivado\2023.2\lib\win64.o;C:\Windows\WinSxS\amd64_microsoft.windows.common-controls_6595b64144ccf1df_5.82.22621.3527_none_b43b7f4b638cc64f;C:\Xilinx\Vivado\2023.2\tps\win64\jre17.0.7_7\bin\server;C:\Xilinx\Vivado\2023.2\tps\win64\jre17.0.7_7\bin;C:\Windows\WinSxS\amd64_microsoft.windows.common-controls_6595b64144ccf1df_6.0.22621.3672_none_2713b9d173822955;C:\Windows\WinSxS\amd64_microsoft.windows.gdiplus_6595b64144ccf1df_1.1.22621.3810_none_57f8d842ce19d879

VM Arguments:
jvm_args: -Dsun.java2d.pmoffscreen=false -Dhttps.protocols=TLSv1,TLSv1.1,TLSv1.2 -Dsun.java2d.xrender=false -Dsun.java2d.d3d=false -Dsun.awt.nopixfmt=true -Dsun.java2d.dpiaware=true -Dsun.java2d.uiScale.enabled=false -Dswing.aatext=true -XX:-UsePerfData -Djdk.map.althashing.threshold=512 -XX:StringTableSize=4072 -XX:+UseStringDeduplication -XX:MaxGCPauseMillis=200 -XX:+ParallelRefProcEnabled --add-opens=java.desktop/javax.swing.plaf.synth=ALL-UNNAMED --add-opens=java.base/java.nio=ALL-UNNAMED --add-opens=java.desktop/sun.swing=ALL-UNNAMED --add-opens=java.desktop/javax.swing=ALL-UNNAMED --add-opens=java.desktop/javax.swing.tree=ALL-UNNAMED --add-opens=java.desktop/javax.swing.plaf.basic=ALL-UNNAMED --add-opens=java.desktop/javax.swing.plaf.synth=ALL-UNNAMED --add-opens=java.desktop/javax.swing.plaf.basic=ALL-UNNAMED --add-opens=java.desktop/javax.swing=ALL-UNNAMED --add-opens=java.desktop/javax.swing.tree=ALL-UNNAMED --add-opens=java.desktop/java.awt.event=ALL-UNNAMED --add-exports=java.desktop/javax.swing.plaf.synth=ALL-UNNAMED --add-exports=java.base/java.nio=ALL-UNNAMED --add-exports=java.desktop/sun.swing=ALL-UNNAMED --add-exports=java.desktop/javax.swing=ALL-UNNAMED --add-exports=java.desktop/javax.swing.tree=ALL-UNNAMED --add-exports=java.desktop/javax.swing.plaf.basic=ALL-UNNAMED --add-exports=java.desktop/sun.swing=ALL-UNNAMED --add-exports=java.desktop/sun.swing.table=ALL-UNNAMED --add-exports=java.desktop/sun.swing.plaf.synth=ALL-UNNAMED --add-exports=java.desktop/sun.awt.shell=ALL-UNNAMED --add-exports=java.base/sun.security.action=ALL-UNNAMED --add-exports=java.desktop/sun.font=ALL-UNNAMED -XX:NewSize=80m -XX:MaxNewSize=80m -Xms512m -Xmx4072m -Xss10m 
java_command: <unknown>
java_class_path (initial): C:/Xilinx/Vivado/2023.2\lib\classes\alloy.jar;C:/Xilinx/Vivado/2023.2\lib\classes\asm-9.3.jar;C:/Xilinx/Vivado/2023.2\lib\classes\asm-analysis-9.3.jar;C:/Xilinx/Vivado/2023.2\lib\classes\asm-commons-9.3.jar;C:/Xilinx/Vivado/2023.2\lib\classes\asm-tree-9.3.jar;C:/Xilinx/Vivado/2023.2\lib\classes\autoesl-models.jar;C:/Xilinx/Vivado/2023.2\lib\classes\batik-anim.jar;C:/Xilinx/Vivado/2023.2\lib\classes\batik-awt-util.jar;C:/Xilinx/Vivado/2023.2\lib\classes\batik-bridge.jar;C:/Xilinx/Vivado/2023.2\lib\classes\batik-codec.jar;C:/Xilinx/Vivado/2023.2\lib\classes\batik-constants.jar;C:/Xilinx/Vivado/2023.2\lib\classes\batik-css.jar;C:/Xilinx/Vivado/2023.2\lib\classes\batik-dom.jar;C:/Xilinx/Vivado/2023.2\lib\classes\batik-ext.jar;C:/Xilinx/Vivado/2023.2\lib\classes\batik-gui-util.jar;C:/Xilinx/Vivado/2023.2\lib\classes\batik-gvt.jar;C:/Xilinx/Vivado/2023.2\lib\classes\batik-i18n.jar;C:/Xilinx/Vivado/2023.2\lib\classes\batik-parser.jar;C:/Xilinx/Vivado/2023.2\lib\classes\batik-script.jar;C:/Xilinx/Vivado/2023.2\lib\classes\batik-svg-dom.jar;C:/Xilinx/Vivado/2023.2\lib\classes\batik-svggen.jar;C:/Xilinx/Vivado/2023.2\lib\classes\batik-swing.jar;C:/Xilinx/Vivado/2023.2\lib\classes\batik-transcoder.jar;C:/Xilinx/Vivado/2023.2\lib\classes\batik-util.jar;C:/Xilinx/Vivado/2023.2\lib\classes\batik-xml.jar;C:/Xilinx/Vivado/2023.2\lib\classes\com.fasterxml.jackson.core.jackson-annotations_2.12.1.v20210128-1726.jar;C:/Xilinx/Vivado/2023.2\lib\classes\com.fasterxml.jackson.core.jackson-core_2.12.1.v20210128-1726.jar;C:/Xilinx/Vivado/2023.2\lib\classes\com.fasterxml.jackson.core.jackson-databind_2.12.1.v20210128-1726.jar;C:/Xilinx/Vivado/2023.2\lib\classes\com.google.gson_2.8.9.v20220111-1409.jar;C:/Xilinx/Vivado/2023.2\lib\classes\com.google.guava_30.1.0.v20210127-2300.jar;C:/Xilinx/Vivado/2023.2\lib\classes\com.sigasi.hdt.connection_4.17.2.202304211001.jar;C:/Xilinx/Vivado/2023.2\lib\classes\com.sigasi.hdt.epl_4.17.2.202304211001.jar;C:/Xilinx/Vivado/2023.
Launcher Type: generic

[Global flags]
     intx CICompilerCount                          = 12                                        {product} {ergonomic}
     uint ConcGCThreads                            = 5                                         {product} {ergonomic}
     uint G1ConcRefinementThreads                  = 18                                        {product} {ergonomic}
   size_t G1HeapRegionSize                         = 2097152                                   {product} {ergonomic}
    uintx GCDrainStackTargetSize                   = 64                                        {product} {ergonomic}
   size_t InitialHeapSize                          = 536870912                                 {product} {command line}
   size_t MarkStackSize                            = 4194304                                   {product} {ergonomic}
    uintx MaxGCPauseMillis                         = 200                                       {product} {command line}
   size_t MaxHeapSize                              = 4269801472                                {product} {command line}
   size_t MaxNewSize                               = 83886080                                  {product} {command line}
   size_t MinHeapDeltaBytes                        = 2097152                                   {product} {ergonomic}
   size_t MinHeapSize                              = 536870912                                 {product} {command line}
   size_t NewSize                                  = 83886080                                  {product} {command line}
    uintx NonNMethodCodeHeapSize                   = 7602480                                {pd product} {ergonomic}
    uintx NonProfiledCodeHeapSize                  = 122027880                              {pd product} {ergonomic}
     bool ParallelRefProcEnabled                   = true                                      {product} {command line}
    uintx ProfiledCodeHeapSize                     = 122027880                              {pd product} {ergonomic}
    uintx ReservedCodeCacheSize                    = 251658240                              {pd product} {ergonomic}
     bool SegmentedCodeCache                       = true                                      {product} {ergonomic}
   size_t SoftMaxHeapSize                          = 4269801472                             {manageable} {ergonomic}
    uintx StringTableSize                          = 4072                                      {product} {command line}
     intx ThreadStackSize                          = 10240                                  {pd product} {command line}
     bool UseCompressedClassPointers               = true                           {product lp64_product} {ergonomic}
     bool UseCompressedOops                        = true                           {product lp64_product} {ergonomic}
     bool UseG1GC                                  = true                                      {product} {ergonomic}
     bool UseLargePagesIndividualAllocation        = false                                  {pd product} {ergonomic}
     bool UsePerfData                              = false                                     {product} {command line}
     bool UseStringDeduplication                   = true                                      {product} {command line}

Logging:
Log output configuration:
 #0: stdout all=warning uptime,level,tags
 #1: stderr all=off uptime,level,tags

Environment Variables:
PATH=C:/Xilinx/Vivado/2023.2\gnuwin\bin;C:/Xilinx/Vivado/2023.2\gnu\microblaze\nt\bin;C:/Xilinx/Vivado/2023.2/bin;C:/Xilinx/Vivado/2023.2/tps/win64/java-cef-95.0.4638.69/bin/lib/win64;C:/Xilinx/Vivado/2023.2/tps/win64/javafx-sdk-17.0.1/lib;C:/Xilinx/Vivado/2023.2/tps/win64/javafx-sdk-17.0.1/bin;C:/Xilinx/Vivado/2023.2/lib/win64.o;C:/Xilinx/Vivado/2023.2/tps/win64/jre17.0.7_7/bin/server;C:/Xilinx/Vivado/2023.2/tps/win64/jre17.0.7_7/bin;C:/Xilinx/Vitis/2023.2/bin;C:/Xilinx/Vivado/2023.2/ids_lite/ISE/bin/nt64;C:/Xilinx/Vivado/2023.2/ids_lite/ISE/lib/nt64;C:/Xilinx/Vitis_HLS/2023.2/bin;C:\MentorGraphics\9.5PADS\SDD_HOME\common\win32\bin;C:\MentorGraphics\9.5PADS\SDD_HOME\common\win32\lib;C:\MentorGraphics\9.5PADS\MGC_HOME.ixn\bin;C:\MentorGraphics\9.5PADS\MGC_HOME.ixn\lib;C:\Windows\system32;C:\Windows;C:\Windows\System32\Wbem;C:\Windows\System32\WindowsPowerShell\v1.0\;C:\Windows\System32\OpenSSH\;C:\Program Files\Microsoft SQL Server\150\Tools\Binn\;C:\Program Files\Microsoft SQL Server\Client SDK\ODBC\170\Tools\Binn\;C:\Program Files\dotnet\;C:\Program Files (x86)\Windows Kits\10\Windows Performance Toolkit\;C:\Program Files\Git\cmd;C:\Users\user\AppData\Local\Programs\Python\Launcher\;C:\Users\user\AppData\Local\Microsoft\WindowsApps;;C:\MentorGraphics\9.5PADS\SDD_HOME\CAMCAD;C:\Users\user\.dotnet\tools;C:\intelFPGA\20.1\modelsim_ase\win32aloem;C:/Xilinx/Vivado/2023.2\tps\mingw\6.2.0\win64.o\nt\bin;C:/Xilinx/Vivado/2023.2\tps\mingw\6.2.0\win64.o\nt\libexec\gcc\x86_64-w64-mingw32\6.2.0;C:/Xilinx/Vivado/2023.2\tps\win64\python-3.8.3;C:/Xilinx/Vivado/2023.2\tps\win64\python-3.8.3\bin;C:/Xilinx/Vivado/2023.2\tps\win64\python-3.8.3\lib;C:/Xilinx/Vivado/2023.2\tps\win64\python-3.8.3\lib\site-packages
USERNAME=user
OS=Windows_NT
PROCESSOR_IDENTIFIER=Intel64 Family 6 Model 183 Stepping 1, GenuineIntel
TMP=C:\Windows\Temp
TEMP=C:\Windows\Temp



---------------  S Y S T E M  ---------------

OS:
 Windows 11 , 64 bit Build 22621 (10.0.22621.3958)
OS uptime: 19 days 22:57 hours

CPU: total 24 (initial active 24) (12 cores per cpu, 2 threads per core) family 6 model 183 stepping 1 microcode 0x10e, cx8, cmov, fxsr, ht, mmx, 3dnowpref, sse, sse2, sse3, ssse3, sse4.1, sse4.2, popcnt, lzcnt, tsc, tscinvbit, avx, avx2, aes, erms, clmul, bmi1, bmi2, adx, sha, fma, vzeroupper, clflush, clflushopt, clwb

Memory: 4k page, system-wide physical 32444M (281M free)
TotalPageFile size 130748M (AvailPageFile size 9M)
current process WorkingSet (physical memory assigned to process): 175M, peak: 2312M
current process commit charge ("private bytes"): 2570M, peak: 2650M

vm_info: OpenJDK 64-Bit Server VM (17.0.7+7) for windows-amd64 JRE (17.0.7+7), built on Apr 18 2023 22:10:42 by "temurin" with MS VC++ 16.7 (VS2019)

END.
