Copyright 1986-2022 Xilinx, Inc. All Rights Reserved. Copyright 2022-2023 Advanced Micro Devices, Inc. All Rights Reserved.
---------------------------------------------------------------------------------------------------------------------------------------------
| Tool Version : Vivado v.2023.2 (win64) Build 4029153 Fri Oct 13 20:14:34 MDT 2023
| Date         : Tue Nov  5 21:12:57 2024
| Host         : COMSYS01 running 64-bit major release  (build 9200)
| Command      : report_control_sets -verbose -file practice_stopwatch_control_sets_placed.rpt
| Design       : practice_stopwatch
| Device       : xc7z007s
---------------------------------------------------------------------------------------------------------------------------------------------

Control Set Information

Table of Contents
-----------------
1. Summary
2. Histogram
3. Flip-Flop Distribution
4. Detailed Control Set Information

1. Summary
----------

+----------------------------------------------------------+-------+
|                          Status                          | Count |
+----------------------------------------------------------+-------+
| Total control sets                                       |    10 |
|    Minimum number of control sets                        |    10 |
|    Addition due to synthesis replication                 |     0 |
|    Addition due to physical synthesis replication        |     0 |
| Unused register locations in slices containing registers |    34 |
+----------------------------------------------------------+-------+
* Control sets can be merged at opt_design using control_set_merge or merge_equivalent_drivers
** Run report_qor_suggestions for automated merging and remapping suggestions


2. Histogram
------------

+--------------------+-------+
|       Fanout       | Count |
+--------------------+-------+
| Total control sets |    10 |
| >= 0 to < 4        |     2 |
| >= 4 to < 6        |     0 |
| >= 6 to < 8        |     4 |
| >= 8 to < 10       |     0 |
| >= 10 to < 12      |     0 |
| >= 12 to < 14      |     0 |
| >= 14 to < 16      |     0 |
| >= 16              |     4 |
+--------------------+-------+
* Control sets can be remapped at either synth_design or opt_design


3. Flip-Flop Distribution
-------------------------

+--------------+-----------------------+------------------------+-----------------+--------------+
| Clock Enable | Synchronous Set/Reset | Asynchronous Set/Reset | Total Registers | Total Slices |
+--------------+-----------------------+------------------------+-----------------+--------------+
| No           | No                    | No                     |              24 |           13 |
| No           | No                    | Yes                    |               0 |            0 |
| No           | Yes                   | No                     |              21 |            6 |
| Yes          | No                    | No                     |              25 |           10 |
| Yes          | No                    | Yes                    |               0 |            0 |
| Yes          | Yes                   | No                     |              56 |           16 |
+--------------+-----------------------+------------------------+-----------------+--------------+


4. Detailed Control Set Information
-----------------------------------

+----------------+------------------------+-----------------------+------------------+----------------+--------------+
|  Clock Signal  |      Enable Signal     |    Set/Reset Signal   | Slice Load Count | Bel Load Count | Bels / Slice |
+----------------+------------------------+-----------------------+------------------+----------------+--------------+
|  CLK_IBUF_BUFG | seconds                |                       |                1 |              1 |         1.00 |
|  CLK_IBUF_BUFG | seconds                | seconds[5]_i_1_n_0    |                1 |              3 |         3.00 |
|  CLK_IBUF_BUFG | document               |                       |                3 |              6 |         2.00 |
|  CLK_IBUF_BUFG | document[1][5]_i_1_n_0 |                       |                3 |              6 |         2.00 |
|  CLK_IBUF_BUFG | document[2][5]_i_1_n_0 |                       |                2 |              6 |         3.00 |
|  CLK_IBUF_BUFG | document[3][5]_i_1_n_0 |                       |                1 |              6 |         6.00 |
|  CLK_IBUF_BUFG |                        | ticker[20]_i_1_n_0    |                6 |             21 |         3.50 |
|  CLK_IBUF_BUFG |                        |                       |               13 |             24 |         1.85 |
|  CLK_IBUF_BUFG | count                  | seconds               |                7 |             26 |         3.71 |
|  CLK_IBUF_BUFG | clear_cnt              | clear_cnt[26]_i_1_n_0 |                8 |             27 |         3.38 |
+----------------+------------------------+-----------------------+------------------+----------------+--------------+


