Copyright 1986-2022 Xilinx, Inc. All Rights Reserved. Copyright 2022-2023 Advanced Micro Devices, Inc. All Rights Reserved.
------------------------------------------------------------------------------------------------------------------------------------------------------------------------------------------------------------------------------
| Tool Version : Vivado v.2023.2 (win64) Build 4029153 Fri Oct 13 20:14:34 MDT 2023
| Date         : Tue Oct 29 12:01:17 2024
| Host         : COMSYS01 running 64-bit major release  (build 9200)
| Command      : report_timing_summary -max_paths 10 -report_unconstrained -file my_security_timing_summary_routed.rpt -pb my_security_timing_summary_routed.pb -rpx my_security_timing_summary_routed.rpx -warn_on_violation
| Design       : my_security
| Device       : 7z007s-clg400
| Speed File   : -1  PRODUCTION 1.12 2019-11-22
| Design State : Routed
------------------------------------------------------------------------------------------------------------------------------------------------------------------------------------------------------------------------------

Timing Summary Report

------------------------------------------------------------------------------------------------
| Timer Settings
| --------------
------------------------------------------------------------------------------------------------

  Enable Multi Corner Analysis               :  Yes
  Enable Pessimism Removal                   :  Yes
  Pessimism Removal Resolution               :  Nearest Common Node
  Enable Input Delay Default Clock           :  No
  Enable Preset / Clear Arcs                 :  No
  Disable Flight Delays                      :  No
  Ignore I/O Paths                           :  No
  Timing Early Launch at Borrowing Latches   :  No
  Borrow Time for Max Delay Exceptions       :  Yes
  Merge Timing Exceptions                    :  Yes
  Inter-SLR Compensation                     :  Conservative

  Corner  Analyze    Analyze    
  Name    Max Paths  Min Paths  
  ------  ---------  ---------  
  Slow    Yes        Yes        
  Fast    Yes        Yes        


------------------------------------------------------------------------------------------------
| Report Methodology
| ------------------
------------------------------------------------------------------------------------------------

Rule       Severity          Description                  Violations  
---------  ----------------  ---------------------------  ----------  
TIMING-17  Critical Warning  Non-clocked sequential cell  22          

Note: This report is based on the most recent report_methodology run and may not be up-to-date. Run report_methodology on the current design for the latest report.



check_timing report

Table of Contents
-----------------
1. checking no_clock (22)
2. checking constant_clock (0)
3. checking pulse_width_clock (0)
4. checking unconstrained_internal_endpoints (43)
5. checking no_input_delay (1)
6. checking no_output_delay (5)
7. checking multiple_clock (0)
8. checking generated_clocks (0)
9. checking loops (0)
10. checking partial_input_delay (0)
11. checking partial_output_delay (0)
12. checking latch_loops (0)

1. checking no_clock (22)
-------------------------
 There are 22 register/latch pins with no clock driven by root clock pin: CLK (HIGH)


2. checking constant_clock (0)
------------------------------
 There are 0 register/latch pins with constant_clock.


3. checking pulse_width_clock (0)
---------------------------------
 There are 0 register/latch pins which need pulse_width check


4. checking unconstrained_internal_endpoints (43)
-------------------------------------------------
 There are 43 pins that are not constrained for maximum delay. (HIGH)

 There are 0 pins that are not constrained for maximum delay due to constant clock.


5. checking no_input_delay (1)
------------------------------
 There is 1 input port with no input delay specified. (HIGH)

 There are 0 input ports with no input delay but user has a false path constraint.


6. checking no_output_delay (5)
-------------------------------
 There are 5 ports with no output delay specified. (HIGH)

 There are 0 ports with no output delay but user has a false path constraint

 There are 0 ports with no output delay but with a timing clock defined on it or propagating through it


7. checking multiple_clock (0)
------------------------------
 There are 0 register/latch pins with multiple clocks.


8. checking generated_clocks (0)
--------------------------------
 There are 0 generated clocks that are not connected to a clock source.


9. checking loops (0)
---------------------
 There are 0 combinational loops in the design.


10. checking partial_input_delay (0)
------------------------------------
 There are 0 input ports with partial input delay specified.


11. checking partial_output_delay (0)
-------------------------------------
 There are 0 ports with partial output delay specified.


12. checking latch_loops (0)
----------------------------
 There are 0 combinational latch loops in the design through latch input



------------------------------------------------------------------------------------------------
| Design Timing Summary
| ---------------------
------------------------------------------------------------------------------------------------

    WNS(ns)      TNS(ns)  TNS Failing Endpoints  TNS Total Endpoints      WHS(ns)      THS(ns)  THS Failing Endpoints  THS Total Endpoints     WPWS(ns)     TPWS(ns)  TPWS Failing Endpoints  TPWS Total Endpoints  
    -------      -------  ---------------------  -------------------      -------      -------  ---------------------  -------------------     --------     --------  ----------------------  --------------------  
        inf        0.000                      0                   48          inf        0.000                      0                   48           NA           NA                      NA                    NA  


There are no user specified timing constraints.


------------------------------------------------------------------------------------------------
| Clock Summary
| -------------
------------------------------------------------------------------------------------------------


------------------------------------------------------------------------------------------------
| Intra Clock Table
| -----------------
------------------------------------------------------------------------------------------------

Clock             WNS(ns)      TNS(ns)  TNS Failing Endpoints  TNS Total Endpoints      WHS(ns)      THS(ns)  THS Failing Endpoints  THS Total Endpoints     WPWS(ns)     TPWS(ns)  TPWS Failing Endpoints  TPWS Total Endpoints  
-----             -------      -------  ---------------------  -------------------      -------      -------  ---------------------  -------------------     --------     --------  ----------------------  --------------------  


------------------------------------------------------------------------------------------------
| Inter Clock Table
| -----------------
------------------------------------------------------------------------------------------------

From Clock    To Clock          WNS(ns)      TNS(ns)  TNS Failing Endpoints  TNS Total Endpoints      WHS(ns)      THS(ns)  THS Failing Endpoints  THS Total Endpoints  
----------    --------          -------      -------  ---------------------  -------------------      -------      -------  ---------------------  -------------------  


------------------------------------------------------------------------------------------------
| Other Path Groups Table
| -----------------------
------------------------------------------------------------------------------------------------

Path Group    From Clock    To Clock          WNS(ns)      TNS(ns)  TNS Failing Endpoints  TNS Total Endpoints      WHS(ns)      THS(ns)  THS Failing Endpoints  THS Total Endpoints  
----------    ----------    --------          -------      -------  ---------------------  -------------------      -------      -------  ---------------------  -------------------  


------------------------------------------------------------------------------------------------
| User Ignored Path Table
| -----------------------
------------------------------------------------------------------------------------------------

Path Group    From Clock    To Clock    
----------    ----------    --------    


------------------------------------------------------------------------------------------------
| Unconstrained Path Table
| ------------------------
------------------------------------------------------------------------------------------------

Path Group    From Clock    To Clock    
----------    ----------    --------    
(none)                                    


------------------------------------------------------------------------------------------------
| Timing Details
| --------------
------------------------------------------------------------------------------------------------


--------------------------------------------------------------------------------------
Path Group:  (none)
From Clock:  
  To Clock:  

Max Delay            48 Endpoints
Min Delay            48 Endpoints
--------------------------------------------------------------------------------------


Max Delay Paths
--------------------------------------------------------------------------------------
Slack:                    inf
  Source:                 KEY[0]
                            (input port)
  Destination:            AN[5]
                            (output port)
  Path Group:             (none)
  Path Type:              Max at Slow Process Corner
  Data Path Delay:        10.304ns  (logic 5.383ns (52.244%)  route 4.921ns (47.756%))
  Logic Levels:           3  (IBUF=1 LUT3=1 OBUF=1)

    Location             Delay type                Incr(ns)  Path(ns)    Netlist Resource(s)
  -------------------------------------------------------------------    -------------------
    Y18                                               0.000     0.000 f  KEY[0] (IN)
                         net (fo=0)                   0.000     0.000    KEY[0]
    Y18                  IBUF (Prop_ibuf_I_O)         1.498     1.498 f  KEY_IBUF[0]_inst/O
                         net (fo=1, routed)           2.127     3.625    KEY_IBUF[0]
    SLICE_X43Y36         LUT3 (Prop_lut3_I0_O)        0.152     3.777 r  AN_OBUF[5]_inst_i_1/O
                         net (fo=4, routed)           2.794     6.571    AN_OBUF[0]
    W16                  OBUF (Prop_obuf_I_O)         3.733    10.304 r  AN_OBUF[5]_inst/O
                         net (fo=0)                   0.000    10.304    AN[5]
    W16                                                               r  AN[5] (OUT)
  -------------------------------------------------------------------    -------------------

Slack:                    inf
  Source:                 KEY[0]
                            (input port)
  Destination:            AN[4]
                            (output port)
  Path Group:             (none)
  Path Type:              Max at Slow Process Corner
  Data Path Delay:        10.197ns  (logic 5.378ns (52.740%)  route 4.819ns (47.260%))
  Logic Levels:           3  (IBUF=1 LUT3=1 OBUF=1)

    Location             Delay type                Incr(ns)  Path(ns)    Netlist Resource(s)
  -------------------------------------------------------------------    -------------------
    Y18                                               0.000     0.000 f  KEY[0] (IN)
                         net (fo=0)                   0.000     0.000    KEY[0]
    Y18                  IBUF (Prop_ibuf_I_O)         1.498     1.498 f  KEY_IBUF[0]_inst/O
                         net (fo=1, routed)           2.127     3.625    KEY_IBUF[0]
    SLICE_X43Y36         LUT3 (Prop_lut3_I0_O)        0.152     3.777 r  AN_OBUF[5]_inst_i_1/O
                         net (fo=4, routed)           2.692     6.470    AN_OBUF[0]
    V16                  OBUF (Prop_obuf_I_O)         3.728    10.197 r  AN_OBUF[4]_inst/O
                         net (fo=0)                   0.000    10.197    AN[4]
    V16                                                               r  AN[4] (OUT)
  -------------------------------------------------------------------    -------------------

Slack:                    inf
  Source:                 KEY[0]
                            (input port)
  Destination:            AN[3]
                            (output port)
  Path Group:             (none)
  Path Type:              Max at Slow Process Corner
  Data Path Delay:        9.841ns  (logic 5.465ns (55.525%)  route 4.377ns (44.475%))
  Logic Levels:           3  (IBUF=1 LUT3=1 OBUF=1)

    Location             Delay type                Incr(ns)  Path(ns)    Netlist Resource(s)
  -------------------------------------------------------------------    -------------------
    Y18                                               0.000     0.000 f  KEY[0] (IN)
                         net (fo=0)                   0.000     0.000    KEY[0]
    Y18                  IBUF (Prop_ibuf_I_O)         1.498     1.498 f  KEY_IBUF[0]_inst/O
                         net (fo=1, routed)           2.127     3.625    KEY_IBUF[0]
    SLICE_X43Y36         LUT3 (Prop_lut3_I0_O)        0.152     3.777 r  AN_OBUF[5]_inst_i_1/O
                         net (fo=4, routed)           2.250     6.027    AN_OBUF[0]
    T10                  OBUF (Prop_obuf_I_O)         3.814     9.841 r  AN_OBUF[3]_inst/O
                         net (fo=0)                   0.000     9.841    AN[3]
    T10                                                               r  AN[3] (OUT)
  -------------------------------------------------------------------    -------------------

Slack:                    inf
  Source:                 KEY[0]
                            (input port)
  Destination:            AN[0]
                            (output port)
  Path Group:             (none)
  Path Type:              Max at Slow Process Corner
  Data Path Delay:        9.467ns  (logic 5.490ns (57.990%)  route 3.977ns (42.010%))
  Logic Levels:           3  (IBUF=1 LUT3=1 OBUF=1)

    Location             Delay type                Incr(ns)  Path(ns)    Netlist Resource(s)
  -------------------------------------------------------------------    -------------------
    Y18                                               0.000     0.000 f  KEY[0] (IN)
                         net (fo=0)                   0.000     0.000    KEY[0]
    Y18                  IBUF (Prop_ibuf_I_O)         1.498     1.498 f  KEY_IBUF[0]_inst/O
                         net (fo=1, routed)           2.127     3.625    KEY_IBUF[0]
    SLICE_X43Y36         LUT3 (Prop_lut3_I0_O)        0.152     3.777 r  AN_OBUF[5]_inst_i_1/O
                         net (fo=4, routed)           1.850     5.627    AN_OBUF[0]
    W14                  OBUF (Prop_obuf_I_O)         3.840     9.467 r  AN_OBUF[0]_inst/O
                         net (fo=0)                   0.000     9.467    AN[0]
    W14                                                               r  AN[0] (OUT)
  -------------------------------------------------------------------    -------------------

Slack:                    inf
  Source:                 enable_reg/C
                            (rising edge-triggered cell FDRE)
  Destination:            CA
                            (output port)
  Path Group:             (none)
  Path Type:              Max at Slow Process Corner
  Data Path Delay:        5.917ns  (logic 4.050ns (68.448%)  route 1.867ns (31.552%))
  Logic Levels:           2  (FDRE=1 OBUF=1)

    Location             Delay type                Incr(ns)  Path(ns)    Netlist Resource(s)
  -------------------------------------------------------------------    -------------------
    SLICE_X43Y36         FDRE                         0.000     0.000 r  enable_reg/C
    SLICE_X43Y36         FDRE (Prop_fdre_C_Q)         0.456     0.456 r  enable_reg/Q
                         net (fo=3, routed)           1.867     2.323    CA_OBUF
    W13                  OBUF (Prop_obuf_I_O)         3.594     5.917 r  CA_OBUF_inst/O
                         net (fo=0)                   0.000     5.917    CA
    W13                                                               r  CA (OUT)
  -------------------------------------------------------------------    -------------------

Slack:                    inf
  Source:                 RST
                            (input port)
  Destination:            cnt1_reg[0]/R
  Path Group:             (none)
  Path Type:              Max at Slow Process Corner
  Data Path Delay:        5.353ns  (logic 1.599ns (29.872%)  route 3.754ns (70.128%))
  Logic Levels:           2  (IBUF=1 LUT2=1)

    Location             Delay type                Incr(ns)  Path(ns)    Netlist Resource(s)
  -------------------------------------------------------------------    -------------------
    D20                                               0.000     0.000 r  RST (IN)
                         net (fo=0)                   0.000     0.000    RST
    D20                  IBUF (Prop_ibuf_I_O)         1.475     1.475 r  RST_IBUF_inst/O
                         net (fo=2, routed)           3.000     4.475    RST_IBUF
    SLICE_X43Y36         LUT2 (Prop_lut2_I0_O)        0.124     4.599 r  cnt1[0]_i_1/O
                         net (fo=21, routed)          0.754     5.353    cnt1[0]_i_1_n_0
    SLICE_X42Y34         FDRE                                         r  cnt1_reg[0]/R
  -------------------------------------------------------------------    -------------------

Slack:                    inf
  Source:                 RST
                            (input port)
  Destination:            cnt1_reg[1]/R
  Path Group:             (none)
  Path Type:              Max at Slow Process Corner
  Data Path Delay:        5.353ns  (logic 1.599ns (29.872%)  route 3.754ns (70.128%))
  Logic Levels:           2  (IBUF=1 LUT2=1)

    Location             Delay type                Incr(ns)  Path(ns)    Netlist Resource(s)
  -------------------------------------------------------------------    -------------------
    D20                                               0.000     0.000 r  RST (IN)
                         net (fo=0)                   0.000     0.000    RST
    D20                  IBUF (Prop_ibuf_I_O)         1.475     1.475 r  RST_IBUF_inst/O
                         net (fo=2, routed)           3.000     4.475    RST_IBUF
    SLICE_X43Y36         LUT2 (Prop_lut2_I0_O)        0.124     4.599 r  cnt1[0]_i_1/O
                         net (fo=21, routed)          0.754     5.353    cnt1[0]_i_1_n_0
    SLICE_X42Y34         FDRE                                         r  cnt1_reg[1]/R
  -------------------------------------------------------------------    -------------------

Slack:                    inf
  Source:                 RST
                            (input port)
  Destination:            cnt1_reg[2]/R
  Path Group:             (none)
  Path Type:              Max at Slow Process Corner
  Data Path Delay:        5.353ns  (logic 1.599ns (29.872%)  route 3.754ns (70.128%))
  Logic Levels:           2  (IBUF=1 LUT2=1)

    Location             Delay type                Incr(ns)  Path(ns)    Netlist Resource(s)
  -------------------------------------------------------------------    -------------------
    D20                                               0.000     0.000 r  RST (IN)
                         net (fo=0)                   0.000     0.000    RST
    D20                  IBUF (Prop_ibuf_I_O)         1.475     1.475 r  RST_IBUF_inst/O
                         net (fo=2, routed)           3.000     4.475    RST_IBUF
    SLICE_X43Y36         LUT2 (Prop_lut2_I0_O)        0.124     4.599 r  cnt1[0]_i_1/O
                         net (fo=21, routed)          0.754     5.353    cnt1[0]_i_1_n_0
    SLICE_X42Y34         FDRE                                         r  cnt1_reg[2]/R
  -------------------------------------------------------------------    -------------------

Slack:                    inf
  Source:                 RST
                            (input port)
  Destination:            cnt1_reg[3]/R
  Path Group:             (none)
  Path Type:              Max at Slow Process Corner
  Data Path Delay:        5.353ns  (logic 1.599ns (29.872%)  route 3.754ns (70.128%))
  Logic Levels:           2  (IBUF=1 LUT2=1)

    Location             Delay type                Incr(ns)  Path(ns)    Netlist Resource(s)
  -------------------------------------------------------------------    -------------------
    D20                                               0.000     0.000 r  RST (IN)
                         net (fo=0)                   0.000     0.000    RST
    D20                  IBUF (Prop_ibuf_I_O)         1.475     1.475 r  RST_IBUF_inst/O
                         net (fo=2, routed)           3.000     4.475    RST_IBUF
    SLICE_X43Y36         LUT2 (Prop_lut2_I0_O)        0.124     4.599 r  cnt1[0]_i_1/O
                         net (fo=21, routed)          0.754     5.353    cnt1[0]_i_1_n_0
    SLICE_X42Y34         FDRE                                         r  cnt1_reg[3]/R
  -------------------------------------------------------------------    -------------------

Slack:                    inf
  Source:                 RST
                            (input port)
  Destination:            cnt1_reg[20]/R
  Path Group:             (none)
  Path Type:              Max at Slow Process Corner
  Data Path Delay:        5.250ns  (logic 1.599ns (30.457%)  route 3.651ns (69.543%))
  Logic Levels:           2  (IBUF=1 LUT2=1)

    Location             Delay type                Incr(ns)  Path(ns)    Netlist Resource(s)
  -------------------------------------------------------------------    -------------------
    D20                                               0.000     0.000 r  RST (IN)
                         net (fo=0)                   0.000     0.000    RST
    D20                  IBUF (Prop_ibuf_I_O)         1.475     1.475 r  RST_IBUF_inst/O
                         net (fo=2, routed)           3.000     4.475    RST_IBUF
    SLICE_X43Y36         LUT2 (Prop_lut2_I0_O)        0.124     4.599 r  cnt1[0]_i_1/O
                         net (fo=21, routed)          0.651     5.250    cnt1[0]_i_1_n_0
    SLICE_X42Y39         FDRE                                         r  cnt1_reg[20]/R
  -------------------------------------------------------------------    -------------------





Min Delay Paths
--------------------------------------------------------------------------------------
Slack:                    inf
  Source:                 enable_reg/C
                            (rising edge-triggered cell FDRE)
  Destination:            enable_reg/D
  Path Group:             (none)
  Path Type:              Min at Fast Process Corner
  Data Path Delay:        0.356ns  (logic 0.186ns (52.178%)  route 0.170ns (47.822%))
  Logic Levels:           2  (FDRE=1 LUT3=1)

    Location             Delay type                Incr(ns)  Path(ns)    Netlist Resource(s)
  -------------------------------------------------------------------    -------------------
    SLICE_X43Y36         FDRE                         0.000     0.000 r  enable_reg/C
    SLICE_X43Y36         FDRE (Prop_fdre_C_Q)         0.141     0.141 r  enable_reg/Q
                         net (fo=3, routed)           0.170     0.311    CA_OBUF
    SLICE_X43Y36         LUT3 (Prop_lut3_I0_O)        0.045     0.356 r  enable_i_1/O
                         net (fo=1, routed)           0.000     0.356    enable_i_1_n_0
    SLICE_X43Y36         FDRE                                         r  enable_reg/D
  -------------------------------------------------------------------    -------------------

Slack:                    inf
  Source:                 cnt1_reg[14]/C
                            (rising edge-triggered cell FDRE)
  Destination:            cnt1_reg[14]/D
  Path Group:             (none)
  Path Type:              Min at Fast Process Corner
  Data Path Delay:        0.399ns  (logic 0.274ns (68.589%)  route 0.125ns (31.411%))
  Logic Levels:           2  (CARRY4=1 FDRE=1)

    Location             Delay type                Incr(ns)  Path(ns)    Netlist Resource(s)
  -------------------------------------------------------------------    -------------------
    SLICE_X42Y37         FDRE                         0.000     0.000 r  cnt1_reg[14]/C
    SLICE_X42Y37         FDRE (Prop_fdre_C_Q)         0.164     0.164 r  cnt1_reg[14]/Q
                         net (fo=2, routed)           0.125     0.289    cnt1_reg[14]
    SLICE_X42Y37         CARRY4 (Prop_carry4_S[2]_O[2])
                                                      0.110     0.399 r  cnt1_reg[12]_i_1/O[2]
                         net (fo=1, routed)           0.000     0.399    cnt1_reg[12]_i_1_n_5
    SLICE_X42Y37         FDRE                                         r  cnt1_reg[14]/D
  -------------------------------------------------------------------    -------------------

Slack:                    inf
  Source:                 cnt1_reg[10]/C
                            (rising edge-triggered cell FDRE)
  Destination:            cnt1_reg[10]/D
  Path Group:             (none)
  Path Type:              Min at Fast Process Corner
  Data Path Delay:        0.400ns  (logic 0.274ns (68.524%)  route 0.126ns (31.476%))
  Logic Levels:           2  (CARRY4=1 FDRE=1)

    Location             Delay type                Incr(ns)  Path(ns)    Netlist Resource(s)
  -------------------------------------------------------------------    -------------------
    SLICE_X42Y36         FDRE                         0.000     0.000 r  cnt1_reg[10]/C
    SLICE_X42Y36         FDRE (Prop_fdre_C_Q)         0.164     0.164 r  cnt1_reg[10]/Q
                         net (fo=2, routed)           0.126     0.290    cnt1_reg[10]
    SLICE_X42Y36         CARRY4 (Prop_carry4_S[2]_O[2])
                                                      0.110     0.400 r  cnt1_reg[8]_i_1/O[2]
                         net (fo=1, routed)           0.000     0.400    cnt1_reg[8]_i_1_n_5
    SLICE_X42Y36         FDRE                                         r  cnt1_reg[10]/D
  -------------------------------------------------------------------    -------------------

Slack:                    inf
  Source:                 cnt1_reg[18]/C
                            (rising edge-triggered cell FDRE)
  Destination:            cnt1_reg[18]/D
  Path Group:             (none)
  Path Type:              Min at Fast Process Corner
  Data Path Delay:        0.401ns  (logic 0.274ns (68.412%)  route 0.127ns (31.588%))
  Logic Levels:           2  (CARRY4=1 FDRE=1)

    Location             Delay type                Incr(ns)  Path(ns)    Netlist Resource(s)
  -------------------------------------------------------------------    -------------------
    SLICE_X42Y38         FDRE                         0.000     0.000 r  cnt1_reg[18]/C
    SLICE_X42Y38         FDRE (Prop_fdre_C_Q)         0.164     0.164 r  cnt1_reg[18]/Q
                         net (fo=2, routed)           0.127     0.291    cnt1_reg[18]
    SLICE_X42Y38         CARRY4 (Prop_carry4_S[2]_O[2])
                                                      0.110     0.401 r  cnt1_reg[16]_i_1/O[2]
                         net (fo=1, routed)           0.000     0.401    cnt1_reg[16]_i_1_n_5
    SLICE_X42Y38         FDRE                                         r  cnt1_reg[18]/D
  -------------------------------------------------------------------    -------------------

Slack:                    inf
  Source:                 cnt1_reg[2]/C
                            (rising edge-triggered cell FDRE)
  Destination:            cnt1_reg[2]/D
  Path Group:             (none)
  Path Type:              Min at Fast Process Corner
  Data Path Delay:        0.401ns  (logic 0.274ns (68.412%)  route 0.127ns (31.588%))
  Logic Levels:           2  (CARRY4=1 FDRE=1)

    Location             Delay type                Incr(ns)  Path(ns)    Netlist Resource(s)
  -------------------------------------------------------------------    -------------------
    SLICE_X42Y34         FDRE                         0.000     0.000 r  cnt1_reg[2]/C
    SLICE_X42Y34         FDRE (Prop_fdre_C_Q)         0.164     0.164 r  cnt1_reg[2]/Q
                         net (fo=2, routed)           0.127     0.291    cnt1_reg[2]
    SLICE_X42Y34         CARRY4 (Prop_carry4_S[2]_O[2])
                                                      0.110     0.401 r  cnt1_reg[0]_i_2/O[2]
                         net (fo=1, routed)           0.000     0.401    cnt1_reg[0]_i_2_n_5
    SLICE_X42Y34         FDRE                                         r  cnt1_reg[2]/D
  -------------------------------------------------------------------    -------------------

Slack:                    inf
  Source:                 cnt1_reg[6]/C
                            (rising edge-triggered cell FDRE)
  Destination:            cnt1_reg[6]/D
  Path Group:             (none)
  Path Type:              Min at Fast Process Corner
  Data Path Delay:        0.401ns  (logic 0.274ns (68.412%)  route 0.127ns (31.588%))
  Logic Levels:           2  (CARRY4=1 FDRE=1)

    Location             Delay type                Incr(ns)  Path(ns)    Netlist Resource(s)
  -------------------------------------------------------------------    -------------------
    SLICE_X42Y35         FDRE                         0.000     0.000 r  cnt1_reg[6]/C
    SLICE_X42Y35         FDRE (Prop_fdre_C_Q)         0.164     0.164 r  cnt1_reg[6]/Q
                         net (fo=2, routed)           0.127     0.291    cnt1_reg[6]
    SLICE_X42Y35         CARRY4 (Prop_carry4_S[2]_O[2])
                                                      0.110     0.401 r  cnt1_reg[4]_i_1/O[2]
                         net (fo=1, routed)           0.000     0.401    cnt1_reg[4]_i_1_n_5
    SLICE_X42Y35         FDRE                                         r  cnt1_reg[6]/D
  -------------------------------------------------------------------    -------------------

Slack:                    inf
  Source:                 cnt1_reg[14]/C
                            (rising edge-triggered cell FDRE)
  Destination:            cnt1_reg[15]/D
  Path Group:             (none)
  Path Type:              Min at Fast Process Corner
  Data Path Delay:        0.435ns  (logic 0.310ns (71.185%)  route 0.125ns (28.815%))
  Logic Levels:           2  (CARRY4=1 FDRE=1)

    Location             Delay type                Incr(ns)  Path(ns)    Netlist Resource(s)
  -------------------------------------------------------------------    -------------------
    SLICE_X42Y37         FDRE                         0.000     0.000 r  cnt1_reg[14]/C
    SLICE_X42Y37         FDRE (Prop_fdre_C_Q)         0.164     0.164 r  cnt1_reg[14]/Q
                         net (fo=2, routed)           0.125     0.289    cnt1_reg[14]
    SLICE_X42Y37         CARRY4 (Prop_carry4_S[2]_O[3])
                                                      0.146     0.435 r  cnt1_reg[12]_i_1/O[3]
                         net (fo=1, routed)           0.000     0.435    cnt1_reg[12]_i_1_n_4
    SLICE_X42Y37         FDRE                                         r  cnt1_reg[15]/D
  -------------------------------------------------------------------    -------------------

Slack:                    inf
  Source:                 cnt1_reg[10]/C
                            (rising edge-triggered cell FDRE)
  Destination:            cnt1_reg[11]/D
  Path Group:             (none)
  Path Type:              Min at Fast Process Corner
  Data Path Delay:        0.436ns  (logic 0.310ns (71.124%)  route 0.126ns (28.876%))
  Logic Levels:           2  (CARRY4=1 FDRE=1)

    Location             Delay type                Incr(ns)  Path(ns)    Netlist Resource(s)
  -------------------------------------------------------------------    -------------------
    SLICE_X42Y36         FDRE                         0.000     0.000 r  cnt1_reg[10]/C
    SLICE_X42Y36         FDRE (Prop_fdre_C_Q)         0.164     0.164 r  cnt1_reg[10]/Q
                         net (fo=2, routed)           0.126     0.290    cnt1_reg[10]
    SLICE_X42Y36         CARRY4 (Prop_carry4_S[2]_O[3])
                                                      0.146     0.436 r  cnt1_reg[8]_i_1/O[3]
                         net (fo=1, routed)           0.000     0.436    cnt1_reg[8]_i_1_n_4
    SLICE_X42Y36         FDRE                                         r  cnt1_reg[11]/D
  -------------------------------------------------------------------    -------------------

Slack:                    inf
  Source:                 cnt1_reg[18]/C
                            (rising edge-triggered cell FDRE)
  Destination:            cnt1_reg[19]/D
  Path Group:             (none)
  Path Type:              Min at Fast Process Corner
  Data Path Delay:        0.437ns  (logic 0.310ns (71.017%)  route 0.127ns (28.983%))
  Logic Levels:           2  (CARRY4=1 FDRE=1)

    Location             Delay type                Incr(ns)  Path(ns)    Netlist Resource(s)
  -------------------------------------------------------------------    -------------------
    SLICE_X42Y38         FDRE                         0.000     0.000 r  cnt1_reg[18]/C
    SLICE_X42Y38         FDRE (Prop_fdre_C_Q)         0.164     0.164 r  cnt1_reg[18]/Q
                         net (fo=2, routed)           0.127     0.291    cnt1_reg[18]
    SLICE_X42Y38         CARRY4 (Prop_carry4_S[2]_O[3])
                                                      0.146     0.437 r  cnt1_reg[16]_i_1/O[3]
                         net (fo=1, routed)           0.000     0.437    cnt1_reg[16]_i_1_n_4
    SLICE_X42Y38         FDRE                                         r  cnt1_reg[19]/D
  -------------------------------------------------------------------    -------------------

Slack:                    inf
  Source:                 cnt1_reg[2]/C
                            (rising edge-triggered cell FDRE)
  Destination:            cnt1_reg[3]/D
  Path Group:             (none)
  Path Type:              Min at Fast Process Corner
  Data Path Delay:        0.437ns  (logic 0.310ns (71.017%)  route 0.127ns (28.983%))
  Logic Levels:           2  (CARRY4=1 FDRE=1)

    Location             Delay type                Incr(ns)  Path(ns)    Netlist Resource(s)
  -------------------------------------------------------------------    -------------------
    SLICE_X42Y34         FDRE                         0.000     0.000 r  cnt1_reg[2]/C
    SLICE_X42Y34         FDRE (Prop_fdre_C_Q)         0.164     0.164 r  cnt1_reg[2]/Q
                         net (fo=2, routed)           0.127     0.291    cnt1_reg[2]
    SLICE_X42Y34         CARRY4 (Prop_carry4_S[2]_O[3])
                                                      0.146     0.437 r  cnt1_reg[0]_i_2/O[3]
                         net (fo=1, routed)           0.000     0.437    cnt1_reg[0]_i_2_n_4
    SLICE_X42Y34         FDRE                                         r  cnt1_reg[3]/D
  -------------------------------------------------------------------    -------------------





